#
# A fatal error has been detected by the Java Runtime Environment:
#
#  EXCEPTION_ACCESS_VIOLATION (0xc0000005) at pc=0x00007ff8009be974, pid=11796, tid=11576
#
# JRE version: OpenJDK Runtime Environment (11.0.8+10) (build 11.0.8+10-b944.6842174)
# Java VM: OpenJDK 64-Bit Server VM (11.0.8+10-b944.6842174, mixed mode, tiered, compressed oops, g1 gc, windows-amd64)
# Problematic frame:
# V  [jvm.dll+0x57e974]
#
# No core dump will be written. Minidumps are not enabled by default on client versions of Windows
#
# If you would like to submit a bug report, please visit:
#   https://bugreport.java.com/bugreport/crash.jsp
#

---------------  S U M M A R Y ------------

Command Line: --add-opens=java.base/java.util=ALL-UNNAMED --add-opens=java.base/java.lang=ALL-UNNAMED --add-opens=java.base/java.lang.invoke=ALL-UNNAMED --add-opens=java.prefs/java.util.prefs=ALL-UNNAMED -Xmx2048m -Dfile.encoding=UTF-8 -Duser.country=US -Duser.language=en -Duser.variant org.gradle.launcher.daemon.bootstrap.GradleDaemon 6.7.1

Host: Intel(R) Core(TM) i5-2430M CPU @ 2.40GHz, 4 cores, 9G,  Windows 10 , 64 bit Build 19041 (10.0.19041.1202)
Time: Fri Sep 24 17:24:51 2021 India Standard Time elapsed time: 89 seconds (0d 0h 1m 29s)

---------------  T H R E A D  ---------------

Current thread (0x000002b9a9dc8000):  JavaThread "C2 CompilerThread0" daemon [_thread_in_native, id=11576, stack(0x000000ba2f100000,0x000000ba2f200000)]


Current CompileTask:
C2:  89701 10863       4       org.gradle.api.internal.artifacts.result.DefaultResolutionResult::eachElement (92 bytes)

Stack: [0x000000ba2f100000,0x000000ba2f200000],  sp=0x000000ba2f1fb8d0,  free space=1006k
Native frames: (J=compiled Java code, j=interpreted, Vv=VM code, C=native code)
V  [jvm.dll+0x57e974]
V  [jvm.dll+0x60c405]
V  [jvm.dll+0x60b22d]
V  [jvm.dll+0x51a5be]
V  [jvm.dll+0x1f92ea]
V  [jvm.dll+0x1f685f]
V  [jvm.dll+0x17f32c]
V  [jvm.dll+0x205047]
V  [jvm.dll+0x203891]
V  [jvm.dll+0x6dad3f]
V  [jvm.dll+0x6d3895]
V  [jvm.dll+0x5dd4a6]
C  [ucrtbase.dll+0x21bb2]
C  [KERNEL32.DLL+0x17034]
C  [ntdll.dll+0x52651]


siginfo: EXCEPTION_ACCESS_VIOLATION (0xc0000005), reading address 0x000002b1accd7304


Register to memory mapping:

RIP=0x00007ff8009be974 jvm.dll
RAX=0x0000000000000005 is an unknown value
RBX=0x000002b9ad47e020 points into unknown readable memory: b8 98 c8 00 f8 7f 00 00
RCX=0x0000000000000003 is an unknown value
RDX=0x0000000000000028 is an unknown value
RSP=0x000000ba2f1fb8d0 is pointing into the stack for thread: 0x000002b9a9dc8000
RBP=0x000002b9b006f280 points into unknown readable memory: 00 31 c1 00 f8 7f 00 00
RSI=0x000002b9accd72d8 points into unknown readable memory: 20 8f c2 00 f8 7f 00 00
RDI=0x000002b1accd72d8 is an unknown value
R8 =0x000002b9b006f280 points into unknown readable memory: 00 31 c1 00 f8 7f 00 00
R9 =0x000002b9b006cf80 points into unknown readable memory: 40 30 c1 00 f8 7f 00 00
R10=0x000002b1accd72d8 is an unknown value
R11=0x000002b9ad47e078 points into unknown readable memory: d8 72 cd ac b9 02 00 00
R12=0x0000000000000001 is an unknown value
R13=0x000002b9b006f280 points into unknown readable memory: 00 31 c1 00 f8 7f 00 00
R14=0x0000000000000003 is an unknown value
R15=0x0000000000000005 is an unknown value


Registers:
RAX=0x0000000000000005, RBX=0x000002b9ad47e020, RCX=0x0000000000000003, RDX=0x0000000000000028
RSP=0x000000ba2f1fb8d0, RBP=0x000002b9b006f280, RSI=0x000002b9accd72d8, RDI=0x000002b1accd72d8
R8 =0x000002b9b006f280, R9 =0x000002b9b006cf80, R10=0x000002b1accd72d8, R11=0x000002b9ad47e078
R12=0x0000000000000001, R13=0x000002b9b006f280, R14=0x0000000000000003, R15=0x0000000000000005
RIP=0x00007ff8009be974, EFLAGS=0x0000000000010206

Top of Stack: (sp=0x000000ba2f1fb8d0)
0x000000ba2f1fb8d0:   000002b9a9448988 000002b9b0071d00
0x000000ba2f1fb8e0:   000002b9ad47c880 000002b9b0071d00
0x000000ba2f1fb8f0:   000002b9b006f280 0000000000000000
0x000000ba2f1fb900:   000002b9ad47ca18 00000000000000c7
0x000000ba2f1fb910:   000002b9ad70c350 000002b9a9448988
0x000000ba2f1fb920:   0000000000000000 0000000000000000
0x000000ba2f1fb930:   00000000000000c6 000000ba2f1fc600
0x000000ba2f1fb940:   000002b9ad47e020 00007ff800a4c405
0x000000ba2f1fb950:   000002b9b006f280 000000ba2f1fc600
0x000000ba2f1fb960:   000000ba2f1fc601 000002b9b006cf80
0x000000ba2f1fb970:   00000000000000c7 000000ba2f1fc600
0x000000ba2f1fb980:   000002b9ad47e020 00007ff800a4b22d
0x000000ba2f1fb990:   00000000000000c6 000002b9af32bdc8
0x000000ba2f1fb9a0:   000000ba2f1fcfd8 000002b9afa42d40
0x000000ba2f1fb9b0:   000000ba2f1fe740 000002b9a940c320
0x000000ba2f1fb9c0:   000002b9afa42d40 00007ff80095a5be 

Instructions: (pc=0x00007ff8009be974)
0x00007ff8009be874:   c0 74 46 4c 8b 40 08 8b 48 18 8b 53 18 ff c9 49
0x00007ff8009be884:   8b 68 10 3b ca 72 2a 0f 1f 44 00 00 49 39 34 c8
0x00007ff8009be894:   75 08 ff c9 3b ca 73 f4 eb 17 8d 79 01 3b d7 73
0x00007ff8009be8a4:   10 48 8b d6 48 8b cb e8 e0 e7 03 00 39 7b 18 72
0x00007ff8009be8b4:   f0 4c 8b 84 24 80 00 00 00 48 85 ed 74 0f 0f b6
0x00007ff8009be8c4:   45 2c 24 0f 3c 0c 75 05 48 8b c5 eb 02 33 c0 45
0x00007ff8009be8d4:   33 c9 48 89 44 24 20 41 83 ce ff 4c 89 8c 24 98
0x00007ff8009be8e4:   00 00 00 45 8d 61 01 48 85 c0 74 41 48 8b 50 08
0x00007ff8009be8f4:   41 8b cc 44 8b 70 18 4c 8b 0a 4c 89 8c 24 98 00
0x00007ff8009be904:   00 00 44 3b f1 76 26 0f 1f 44 00 00 8b c1 48 83
0x00007ff8009be914:   3c c2 00 74 09 ff c1 41 3b ce 72 f0 eb 0f 45 33
0x00007ff8009be924:   c9 4c 89 8c 24 98 00 00 00 41 83 ce ff 41 bd 03
0x00007ff8009be934:   00 00 00 45 8b fd 44 39 6b 18 0f 86 58 01 00 00
0x00007ff8009be944:   4c 8b 6c 24 20 0f 1f 80 00 00 00 00 4c 8b 5b 08
0x00007ff8009be954:   41 8b c7 48 8d 14 c5 00 00 00 00 4c 03 da 4d 8b
0x00007ff8009be964:   13 4c 3b d6 49 8b fa 49 0f 44 f8 48 85 ff 74 0b
0x00007ff8009be974:   80 7f 2c 80 75 05 48 8b c7 eb 02 33 c0 48 3b c3
0x00007ff8009be984:   75 14 48 3b eb 74 0a 48 3b ee 74 05 48 8b fd eb
0x00007ff8009be994:   29 48 8b fe eb 24 48 85 c0 74 1f 48 8b 48 08 44
0x00007ff8009be9a4:   3b 78 18 73 06 48 8b 3c 11 eb 04 48 8b 79 08 48
0x00007ff8009be9b4:   83 7f 10 00 75 04 48 8b 79 10 48 85 ff 74 4b 48
0x00007ff8009be9c4:   3b fd 74 49 44 39 77 18 75 40 4c 8b 47 08 4d 39
0x00007ff8009be9d4:   08 75 37 0f b6 47 2c 24 0f 3c 0c 75 2d 41 8b d4
0x00007ff8009be9e4:   44 3b f2 76 22 4d 8b 4d 08 0f 1f 00 8b c2 48 8d
0x00007ff8009be9f4:   0c c5 00 00 00 00 4a 8b 04 01 4a 39 04 09 75 0a
0x00007ff8009bea04:   ff c2 41 3b d6 72 e5 48 8b fd 48 3b fd 48 0f 44
0x00007ff8009bea14:   fe 49 3b fa 74 5f 4d 85 d2 74 28 4d 8b 42 10 4d
0x00007ff8009bea24:   85 c0 74 1f 41 8b 42 20 49 8d 14 c0 48 39 5a f8
0x00007ff8009bea34:   48 8d 52 f8 75 f6 ff c8 41 89 42 20 49 8b 0c c0
0x00007ff8009bea44:   48 89 0a 49 89 3b 48 85 ff 74 25 48 83 7f 10 00
0x00007ff8009bea54:   74 1e 8b 57 20 3b 57 24 75 08 48 8b cf e8 3a 07
0x00007ff8009bea64:   04 00 8b 4f 20 48 8b 47 10 48 89 1c c8 ff 47 20 


Stack slot to memory mapping:
stack at sp + 0 slots: 0x000002b9a9448988 points into unknown readable memory: 00 80 dc a9 b9 02 00 00
stack at sp + 1 slots: 0x000002b9b0071d00 points into unknown readable memory: c8 ec b9 00 f8 7f 00 00
stack at sp + 2 slots: 0x000002b9ad47c880 points into unknown readable memory: 98 d0 c0 00 f8 7f 00 00
stack at sp + 3 slots: 0x000002b9b0071d00 points into unknown readable memory: c8 ec b9 00 f8 7f 00 00
stack at sp + 4 slots: 0x000002b9b006f280 points into unknown readable memory: 00 31 c1 00 f8 7f 00 00
stack at sp + 5 slots: 0x0 is NULL
stack at sp + 6 slots: 0x000002b9ad47ca18 points into unknown readable memory: 58 8b c8 00 f8 7f 00 00
stack at sp + 7 slots: 0x00000000000000c7 is an unknown value


---------------  P R O C E S S  ---------------

Threads class SMR info:
_java_thread_list=0x000002b9b348f330, length=146, elements={
0x000002b98f9cc800, 0x000002b9a9449800, 0x000002b9a944a800, 0x000002b9a9dc2800,
0x000002b9a9dc4000, 0x000002b9a9dc8000, 0x000002b9a9e10800, 0x000002b9a9478000,
0x000002b9a9f0a000, 0x000002b9a9f3c000, 0x000002b9ab930800, 0x000002b9ab779800,
0x000002b9aa850800, 0x000002b9aacbb000, 0x000002b9aacbb800, 0x000002b9aaf5b000,
0x000002b9aaf57000, 0x000002b9aa952000, 0x000002b9aabf7000, 0x000002b9aaf4a800,
0x000002b9aaf47800, 0x000002b9aaf49800, 0x000002b9aaf4b800, 0x000002b9aaf4c000,
0x000002b9aaf49000, 0x000002b9aaf4d000, 0x000002b9aaf4e000, 0x000002b9aaf48000,
0x000002b9addcd000, 0x000002b9addc8800, 0x000002b9addc9000, 0x000002b9addcf000,
0x000002b9addcf800, 0x000002b9addca000, 0x000002b9addca800, 0x000002b9addd5800,
0x000002b9addd6000, 0x000002b9addd4800, 0x000002b9addd2000, 0x000002b9addd3000,
0x000002b9addd0800, 0x000002b9addd1800, 0x000002b9addd3800, 0x000002b9addd7000,
0x000002b9ae945000, 0x000002b9ae948000, 0x000002b9ae949000, 0x000002b9ae943800,
0x000002b9ae94a000, 0x000002b9ae946800, 0x000002b9ae944000, 0x000002b9ae945800,
0x000002b9ae94b800, 0x000002b9ae947800, 0x000002b9ae94e000, 0x000002b9ae94e800,
0x000002b9ae94c800, 0x000002b9ae94f800, 0x000002b9ae950800, 0x000002b9ae94a800,
0x000002b9ae94d000, 0x000002b9ae951000, 0x000002b9ae952000, 0x000002b9ab9ed800,
0x000002b9ab9ee800, 0x000002b9ab9f2800, 0x000002b9ab9f3000, 0x000002b9ab9f4000,
0x000002b9ab9f5000, 0x000002b9ab9ef000, 0x000002b9ab9f5800, 0x000002b9ab9f0000,
0x000002b9ab9f6800, 0x000002b9ab9f0800, 0x000002b9ab9f7800, 0x000002b9ab9f1800,
0x000002b9ab9fc000, 0x000002b9ab9f9800, 0x000002b9ab9f8000, 0x000002b9ab9fb800,
0x000002b9ab9f9000, 0x000002b9ab9fa800, 0x000002b9acbec000, 0x000002b9acbef000,
0x000002b9acbf0000, 0x000002b9acbee800, 0x000002b9acbec800, 0x000002b9acbf1000,
0x000002b9acbeb000, 0x000002b9acbf1800, 0x000002b9acbf2800, 0x000002b9acbf3000,
0x000002b9acbed800, 0x000002b9acbf5000, 0x000002b9acbf6800, 0x000002b9acbf5800,
0x000002b9acbf9000, 0x000002b9acbf7800, 0x000002b9acbf4000, 0x000002b9acbf8000,
0x000002b9acbfa000, 0x000002b9ae888000, 0x000002b9ae884000, 0x000002b9ae885800,
0x000002b9ae884800, 0x000002b9ae88c000, 0x000002b9ae887000, 0x000002b9ae889000,
0x000002b9ae889800, 0x000002b9ae88a800, 0x000002b9ae88b000, 0x000002b9ae886800,
0x000002b9ae891800, 0x000002b9ae892800, 0x000002b9ae88d000, 0x000002b9ae88d800,
0x000002b9ae88e800, 0x000002b9ae891000, 0x000002b9ae88f800, 0x000002b9ae890000,
0x000002b9ae8a4800, 0x000002b9ae8a3800, 0x000002b9ae89e800, 0x000002b9ae89f800,
0x000002b9ae8a2000, 0x000002b9ae8a6000, 0x000002b9ae8a3000, 0x000002b9ae8a5000,
0x000002b9ae8a0800, 0x000002b9ae8a7000, 0x000002b9ae8a1000, 0x000002b9ae8ac800,
0x000002b9ae8ac000, 0x000002b9ae8a8800, 0x000002b9ae8a9800, 0x000002b9ae8ab000,
0x000002b9ae8aa000, 0x000002b9ad541000, 0x000002b9ad53e800, 0x000002b9ad53d800,
0x000002b9ad53f000, 0x000002b9ad53b000, 0x000002b9ad541800, 0x000002b9ad53c000,
0x000002b9ad542800, 0x000002b9b1b67800
}

Java Threads: ( => current thread )
  0x000002b98f9cc800 JavaThread "main" [_thread_blocked, id=8412, stack(0x000000ba2e600000,0x000000ba2e700000)]
  0x000002b9a9449800 JavaThread "Reference Handler" daemon [_thread_blocked, id=9692, stack(0x000000ba2ed00000,0x000000ba2ee00000)]
  0x000002b9a944a800 JavaThread "Finalizer" daemon [_thread_blocked, id=10336, stack(0x000000ba2ee00000,0x000000ba2ef00000)]
  0x000002b9a9dc2800 JavaThread "Signal Dispatcher" daemon [_thread_blocked, id=7388, stack(0x000000ba2ef00000,0x000000ba2f000000)]
  0x000002b9a9dc4000 JavaThread "Attach Listener" daemon [_thread_blocked, id=12004, stack(0x000000ba2f000000,0x000000ba2f100000)]
=>0x000002b9a9dc8000 JavaThread "C2 CompilerThread0" daemon [_thread_in_native, id=11576, stack(0x000000ba2f100000,0x000000ba2f200000)]
  0x000002b9a9e10800 JavaThread "C1 CompilerThread0" daemon [_thread_blocked, id=10508, stack(0x000000ba2f200000,0x000000ba2f300000)]
  0x000002b9a9478000 JavaThread "Sweeper thread" daemon [_thread_blocked, id=6496, stack(0x000000ba2f300000,0x000000ba2f400000)]
  0x000002b9a9f0a000 JavaThread "Common-Cleaner" daemon [_thread_blocked, id=7272, stack(0x000000ba2f400000,0x000000ba2f500000)]
  0x000002b9a9f3c000 JavaThread "Service Thread" daemon [_thread_blocked, id=8424, stack(0x000000ba2f500000,0x000000ba2f600000)]
  0x000002b9ab930800 JavaThread "Daemon health stats" [_thread_blocked, id=8960, stack(0x000000ba2f900000,0x000000ba2fa00000)]
  0x000002b9ab779800 JavaThread "Incoming local TCP Connector on port 57726" [_thread_in_native, id=5112, stack(0x000000ba2fc00000,0x000000ba2fd00000)]
  0x000002b9aa850800 JavaThread "Daemon periodic checks" [_thread_blocked, id=7836, stack(0x000000ba2fd00000,0x000000ba2fe00000)]
  0x000002b9aacbb000 JavaThread "Daemon" [_thread_blocked, id=2604, stack(0x000000ba2fe00000,0x000000ba2ff00000)]
  0x000002b9aacbb800 JavaThread "Handler for socket connection from /127.0.0.1:57726 to /127.0.0.1:57727" [_thread_in_native, id=9308, stack(0x000000ba2ff00000,0x000000ba30000000)]
  0x000002b9aaf5b000 JavaThread "Cancel handler" [_thread_blocked, id=12144, stack(0x000000ba30000000,0x000000ba30100000)]
  0x000002b9aaf57000 JavaThread "Daemon worker" [_thread_in_Java, id=6356, stack(0x000000ba30100000,0x000000ba30200000)]
  0x000002b9aa952000 JavaThread "Asynchronous log dispatcher for DefaultDaemonConnection: socket connection from /127.0.0.1:57726 to /127.0.0.1:57727" [_thread_blocked, id=4928, stack(0x000000ba30200000,0x000000ba30300000)]
  0x000002b9aabf7000 JavaThread "Thread-8" [_thread_blocked, id=9072, stack(0x000000ba30400000,0x000000ba30500000)]
  0x000002b9aaf4a800 JavaThread "Cache worker for file hash cache (F:\downloads\gradle_version\gradle-7.0.2\caches\6.7.1\fileHashes)" [_thread_blocked, id=10548, stack(0x000000ba30600000,0x000000ba30700000)]
  0x000002b9aaf47800 JavaThread "File lock request listener" [_thread_in_native, id=9780, stack(0x000000ba30700000,0x000000ba30800000)]
  0x000002b9aaf49800 JavaThread "Cache worker for journal cache (F:\downloads\gradle_version\gradle-7.0.2\caches\journal-1)" [_thread_blocked, id=3668, stack(0x000000ba30800000,0x000000ba30900000)]
  0x000002b9aaf4b800 JavaThread "Cache worker for file hash cache (E:\cibo\.gradle\6.7.1\fileHashes)" [_thread_blocked, id=9712, stack(0x000000ba30900000,0x000000ba30a00000)]
  0x000002b9aaf4c000 JavaThread "Cache worker for checksums cache (E:\cibo\.gradle\checksums)" [_thread_blocked, id=8384, stack(0x000000ba2e400000,0x000000ba2e500000)]
  0x000002b9aaf49000 JavaThread "Cache worker for cache directory md-supplier (F:\downloads\gradle_version\gradle-7.0.2\caches\6.7.1\md-supplier)" [_thread_blocked, id=1276, stack(0x000000ba30a00000,0x000000ba30b00000)]
  0x000002b9aaf4d000 JavaThread "Cache worker for cache directory md-rule (F:\downloads\gradle_version\gradle-7.0.2\caches\6.7.1\md-rule)" [_thread_blocked, id=2976, stack(0x000000ba30b00000,0x000000ba30c00000)]
  0x000002b9aaf4e000 JavaThread "Cache worker for execution history cache (F:\downloads\gradle_version\gradle-7.0.2\caches\6.7.1\executionHistory)" [_thread_blocked, id=6600, stack(0x000000ba30d00000,0x000000ba30e00000)]
  0x000002b9aaf48000 JavaThread "jar transforms" [_thread_blocked, id=9680, stack(0x000000ba30c00000,0x000000ba30d00000)]
  0x000002b9addcd000 JavaThread "Cache worker for file content cache (F:\downloads\gradle_version\gradle-7.0.2\caches\6.7.1\fileContent)" [_thread_blocked, id=8724, stack(0x000000ba30f00000,0x000000ba31000000)]
  0x000002b9addc8800 JavaThread "Cache worker for Build Output Cleanup Cache (E:\cibo\.gradle\buildOutputCleanup)" [_thread_blocked, id=10352, stack(0x000000ba30e00000,0x000000ba30f00000)]
  0x000002b9addc9000 JavaThread "Build operations" [_thread_blocked, id=3544, stack(0x000000ba31000000,0x000000ba31100000)]
  0x000002b9addcf000 JavaThread "Build operations Thread 2" [_thread_blocked, id=9464, stack(0x000000ba31100000,0x000000ba31200000)]
  0x000002b9addcf800 JavaThread "Build operations Thread 3" [_thread_blocked, id=3048, stack(0x000000ba31200000,0x000000ba31300000)]
  0x000002b9addca000 JavaThread "Build operations Thread 4" [_thread_in_vm, id=10960, stack(0x000000ba31300000,0x000000ba31400000)]
  0x000002b9addca800 JavaThread "jar transforms Thread 2" [_thread_blocked, id=10224, stack(0x000000ba31400000,0x000000ba31500000)]
  0x000002b9addd5800 JavaThread "jar transforms Thread 3" [_thread_blocked, id=11408, stack(0x000000ba31500000,0x000000ba31600000)]
  0x000002b9addd6000 JavaThread "jar transforms Thread 4" [_thread_blocked, id=9132, stack(0x000000ba31600000,0x000000ba31700000)]
  0x000002b9addd4800 JavaThread "jar transforms Thread 5" [_thread_blocked, id=9196, stack(0x000000ba31700000,0x000000ba31800000)]
  0x000002b9addd2000 JavaThread "jar transforms Thread 6" [_thread_blocked, id=7072, stack(0x000000ba31800000,0x000000ba31900000)]
  0x000002b9addd3000 JavaThread "jar transforms Thread 7" [_thread_blocked, id=6460, stack(0x000000ba31900000,0x000000ba31a00000)]
  0x000002b9addd0800 JavaThread "jar transforms Thread 8" [_thread_blocked, id=5136, stack(0x000000ba31a00000,0x000000ba31b00000)]
  0x000002b9addd1800 JavaThread "jar transforms Thread 9" [_thread_blocked, id=10212, stack(0x000000ba31b00000,0x000000ba31c00000)]
  0x000002b9addd3800 JavaThread "jar transforms Thread 10" [_thread_blocked, id=4236, stack(0x000000ba31c00000,0x000000ba31d00000)]
  0x000002b9addd7000 JavaThread "jar transforms Thread 11" [_thread_blocked, id=6456, stack(0x000000ba31d00000,0x000000ba31e00000)]
  0x000002b9ae945000 JavaThread "jar transforms Thread 12" [_thread_blocked, id=6116, stack(0x000000ba31e00000,0x000000ba31f00000)]
  0x000002b9ae948000 JavaThread "jar transforms Thread 13" [_thread_blocked, id=11960, stack(0x000000ba31f00000,0x000000ba32000000)]
  0x000002b9ae949000 JavaThread "jar transforms Thread 14" [_thread_blocked, id=908, stack(0x000000ba32000000,0x000000ba32100000)]
  0x000002b9ae943800 JavaThread "jar transforms Thread 15" [_thread_blocked, id=2596, stack(0x000000ba32100000,0x000000ba32200000)]
  0x000002b9ae94a000 JavaThread "jar transforms Thread 16" [_thread_blocked, id=1828, stack(0x000000ba32200000,0x000000ba32300000)]
  0x000002b9ae946800 JavaThread "jar transforms Thread 17" [_thread_blocked, id=11648, stack(0x000000ba32300000,0x000000ba32400000)]
  0x000002b9ae944000 JavaThread "jar transforms Thread 18" [_thread_blocked, id=5668, stack(0x000000ba32400000,0x000000ba32500000)]
  0x000002b9ae945800 JavaThread "jar transforms Thread 19" [_thread_blocked, id=8764, stack(0x000000ba32500000,0x000000ba32600000)]
  0x000002b9ae94b800 JavaThread "jar transforms Thread 20" [_thread_blocked, id=4640, stack(0x000000ba32600000,0x000000ba32700000)]
  0x000002b9ae947800 JavaThread "jar transforms Thread 21" [_thread_blocked, id=10256, stack(0x000000ba32700000,0x000000ba32800000)]
  0x000002b9ae94e000 JavaThread "jar transforms Thread 22" [_thread_blocked, id=1924, stack(0x000000ba32800000,0x000000ba32900000)]
  0x000002b9ae94e800 JavaThread "jar transforms Thread 23" [_thread_blocked, id=10064, stack(0x000000ba32900000,0x000000ba32a00000)]
  0x000002b9ae94c800 JavaThread "jar transforms Thread 24" [_thread_blocked, id=6164, stack(0x000000ba32a00000,0x000000ba32b00000)]
  0x000002b9ae94f800 JavaThread "jar transforms Thread 25" [_thread_blocked, id=6452, stack(0x000000ba32b00000,0x000000ba32c00000)]
  0x000002b9ae950800 JavaThread "jar transforms Thread 26" [_thread_blocked, id=6968, stack(0x000000ba32c00000,0x000000ba32d00000)]
  0x000002b9ae94a800 JavaThread "jar transforms Thread 27" [_thread_blocked, id=3812, stack(0x000000ba32d00000,0x000000ba32e00000)]
  0x000002b9ae94d000 JavaThread "jar transforms Thread 28" [_thread_blocked, id=7560, stack(0x000000ba32e00000,0x000000ba32f00000)]
  0x000002b9ae951000 JavaThread "jar transforms Thread 29" [_thread_blocked, id=328, stack(0x000000ba32f00000,0x000000ba33000000)]
  0x000002b9ae952000 JavaThread "jar transforms Thread 30" [_thread_blocked, id=11044, stack(0x000000ba33000000,0x000000ba33100000)]
  0x000002b9ab9ed800 JavaThread "jar transforms Thread 31" [_thread_blocked, id=2312, stack(0x000000ba33100000,0x000000ba33200000)]
  0x000002b9ab9ee800 JavaThread "jar transforms Thread 32" [_thread_blocked, id=5988, stack(0x000000ba33200000,0x000000ba33300000)]
  0x000002b9ab9f2800 JavaThread "jar transforms Thread 33" [_thread_blocked, id=11720, stack(0x000000ba33300000,0x000000ba33400000)]
  0x000002b9ab9f3000 JavaThread "jar transforms Thread 34" [_thread_blocked, id=3092, stack(0x000000ba33400000,0x000000ba33500000)]
  0x000002b9ab9f4000 JavaThread "jar transforms Thread 35" [_thread_blocked, id=9564, stack(0x000000ba33500000,0x000000ba33600000)]
  0x000002b9ab9f5000 JavaThread "jar transforms Thread 36" [_thread_blocked, id=10812, stack(0x000000ba33600000,0x000000ba33700000)]
  0x000002b9ab9ef000 JavaThread "jar transforms Thread 37" [_thread_blocked, id=10424, stack(0x000000ba33700000,0x000000ba33800000)]
  0x000002b9ab9f5800 JavaThread "jar transforms Thread 38" [_thread_blocked, id=5280, stack(0x000000ba33800000,0x000000ba33900000)]
  0x000002b9ab9f0000 JavaThread "jar transforms Thread 39" [_thread_blocked, id=12268, stack(0x000000ba33900000,0x000000ba33a00000)]
  0x000002b9ab9f6800 JavaThread "jar transforms Thread 40" [_thread_blocked, id=1928, stack(0x000000ba33a00000,0x000000ba33b00000)]
  0x000002b9ab9f0800 JavaThread "jar transforms Thread 41" [_thread_blocked, id=7224, stack(0x000000ba33b00000,0x000000ba33c00000)]
  0x000002b9ab9f7800 JavaThread "jar transforms Thread 42" [_thread_blocked, id=6944, stack(0x000000ba33c00000,0x000000ba33d00000)]
  0x000002b9ab9f1800 JavaThread "jar transforms Thread 43" [_thread_blocked, id=11032, stack(0x000000ba33d00000,0x000000ba33e00000)]
  0x000002b9ab9fc000 JavaThread "jar transforms Thread 44" [_thread_blocked, id=1000, stack(0x000000ba33e00000,0x000000ba33f00000)]
  0x000002b9ab9f9800 JavaThread "jar transforms Thread 45" [_thread_blocked, id=10480, stack(0x000000ba33f00000,0x000000ba34000000)]
  0x000002b9ab9f8000 JavaThread "jar transforms Thread 46" [_thread_blocked, id=3752, stack(0x000000ba34000000,0x000000ba34100000)]
  0x000002b9ab9fb800 JavaThread "jar transforms Thread 47" [_thread_blocked, id=2180, stack(0x000000ba34100000,0x000000ba34200000)]
  0x000002b9ab9f9000 JavaThread "jar transforms Thread 48" [_thread_blocked, id=7412, stack(0x000000ba34200000,0x000000ba34300000)]
  0x000002b9ab9fa800 JavaThread "jar transforms Thread 49" [_thread_blocked, id=10484, stack(0x000000ba34300000,0x000000ba34400000)]
  0x000002b9acbec000 JavaThread "jar transforms Thread 50" [_thread_blocked, id=8572, stack(0x000000ba34400000,0x000000ba34500000)]
  0x000002b9acbef000 JavaThread "jar transforms Thread 51" [_thread_blocked, id=5764, stack(0x000000ba34500000,0x000000ba34600000)]
  0x000002b9acbf0000 JavaThread "jar transforms Thread 52" [_thread_blocked, id=3324, stack(0x000000ba34600000,0x000000ba34700000)]
  0x000002b9acbee800 JavaThread "jar transforms Thread 53" [_thread_blocked, id=6752, stack(0x000000ba34700000,0x000000ba34800000)]
  0x000002b9acbec800 JavaThread "jar transforms Thread 54" [_thread_blocked, id=11112, stack(0x000000ba34800000,0x000000ba34900000)]
  0x000002b9acbf1000 JavaThread "jar transforms Thread 55" [_thread_blocked, id=400, stack(0x000000ba34900000,0x000000ba34a00000)]
  0x000002b9acbeb000 JavaThread "jar transforms Thread 56" [_thread_blocked, id=6168, stack(0x000000ba34a00000,0x000000ba34b00000)]
  0x000002b9acbf1800 JavaThread "jar transforms Thread 57" [_thread_blocked, id=4024, stack(0x000000ba34b00000,0x000000ba34c00000)]
  0x000002b9acbf2800 JavaThread "jar transforms Thread 58" [_thread_blocked, id=4268, stack(0x000000ba34c00000,0x000000ba34d00000)]
  0x000002b9acbf3000 JavaThread "jar transforms Thread 59" [_thread_blocked, id=4748, stack(0x000000ba34d00000,0x000000ba34e00000)]
  0x000002b9acbed800 JavaThread "jar transforms Thread 60" [_thread_blocked, id=8996, stack(0x000000ba34e00000,0x000000ba34f00000)]
  0x000002b9acbf5000 JavaThread "jar transforms Thread 61" [_thread_blocked, id=8956, stack(0x000000ba34f00000,0x000000ba35000000)]
  0x000002b9acbf6800 JavaThread "jar transforms Thread 62" [_thread_blocked, id=8760, stack(0x000000ba35000000,0x000000ba35100000)]
  0x000002b9acbf5800 JavaThread "jar transforms Thread 63" [_thread_blocked, id=5016, stack(0x000000ba35100000,0x000000ba35200000)]
  0x000002b9acbf9000 JavaThread "jar transforms Thread 64" [_thread_blocked, id=6532, stack(0x000000ba35200000,0x000000ba35300000)]
  0x000002b9acbf7800 JavaThread "jar transforms Thread 65" [_thread_blocked, id=7916, stack(0x000000ba35300000,0x000000ba35400000)]
  0x000002b9acbf4000 JavaThread "jar transforms Thread 66" [_thread_blocked, id=8852, stack(0x000000ba35400000,0x000000ba35500000)]
  0x000002b9acbf8000 JavaThread "jar transforms Thread 67" [_thread_blocked, id=5880, stack(0x000000ba35500000,0x000000ba35600000)]
  0x000002b9acbfa000 JavaThread "jar transforms Thread 68" [_thread_blocked, id=9484, stack(0x000000ba35600000,0x000000ba35700000)]
  0x000002b9ae888000 JavaThread "jar transforms Thread 69" [_thread_blocked, id=12056, stack(0x000000ba35700000,0x000000ba35800000)]
  0x000002b9ae884000 JavaThread "jar transforms Thread 70" [_thread_blocked, id=8108, stack(0x000000ba35800000,0x000000ba35900000)]
  0x000002b9ae885800 JavaThread "jar transforms Thread 71" [_thread_blocked, id=8024, stack(0x000000ba35900000,0x000000ba35a00000)]
  0x000002b9ae884800 JavaThread "jar transforms Thread 72" [_thread_blocked, id=308, stack(0x000000ba35a00000,0x000000ba35b00000)]
  0x000002b9ae88c000 JavaThread "jar transforms Thread 73" [_thread_blocked, id=5472, stack(0x000000ba35b00000,0x000000ba35c00000)]
  0x000002b9ae887000 JavaThread "jar transforms Thread 74" [_thread_blocked, id=5084, stack(0x000000ba35c00000,0x000000ba35d00000)]
  0x000002b9ae889000 JavaThread "jar transforms Thread 75" [_thread_blocked, id=3860, stack(0x000000ba35d00000,0x000000ba35e00000)]
  0x000002b9ae889800 JavaThread "jar transforms Thread 76" [_thread_blocked, id=7132, stack(0x000000ba35e00000,0x000000ba35f00000)]
  0x000002b9ae88a800 JavaThread "jar transforms Thread 77" [_thread_blocked, id=9688, stack(0x000000ba35f00000,0x000000ba36000000)]
  0x000002b9ae88b000 JavaThread "jar transforms Thread 78" [_thread_blocked, id=7444, stack(0x000000ba36000000,0x000000ba36100000)]
  0x000002b9ae886800 JavaThread "jar transforms Thread 79" [_thread_blocked, id=9796, stack(0x000000ba36100000,0x000000ba36200000)]
  0x000002b9ae891800 JavaThread "jar transforms Thread 80" [_thread_blocked, id=11292, stack(0x000000ba36200000,0x000000ba36300000)]
  0x000002b9ae892800 JavaThread "jar transforms Thread 81" [_thread_blocked, id=11480, stack(0x000000ba36300000,0x000000ba36400000)]
  0x000002b9ae88d000 JavaThread "jar transforms Thread 82" [_thread_blocked, id=8468, stack(0x000000ba36400000,0x000000ba36500000)]
  0x000002b9ae88d800 JavaThread "jar transforms Thread 83" [_thread_blocked, id=11060, stack(0x000000ba36500000,0x000000ba36600000)]
  0x000002b9ae88e800 JavaThread "jar transforms Thread 84" [_thread_blocked, id=5744, stack(0x000000ba36600000,0x000000ba36700000)]
  0x000002b9ae891000 JavaThread "jar transforms Thread 85" [_thread_blocked, id=9852, stack(0x000000ba36700000,0x000000ba36800000)]
  0x000002b9ae88f800 JavaThread "jar transforms Thread 86" [_thread_blocked, id=3624, stack(0x000000ba36800000,0x000000ba36900000)]
  0x000002b9ae890000 JavaThread "jar transforms Thread 87" [_thread_blocked, id=10096, stack(0x000000ba36900000,0x000000ba36a00000)]
  0x000002b9ae8a4800 JavaThread "jar transforms Thread 88" [_thread_blocked, id=4972, stack(0x000000ba36a00000,0x000000ba36b00000)]
  0x000002b9ae8a3800 JavaThread "jar transforms Thread 89" [_thread_blocked, id=12112, stack(0x000000ba36b00000,0x000000ba36c00000)]
  0x000002b9ae89e800 JavaThread "jar transforms Thread 90" [_thread_blocked, id=11184, stack(0x000000ba36c00000,0x000000ba36d00000)]
  0x000002b9ae89f800 JavaThread "jar transforms Thread 91" [_thread_blocked, id=3416, stack(0x000000ba36d00000,0x000000ba36e00000)]
  0x000002b9ae8a2000 JavaThread "jar transforms Thread 92" [_thread_blocked, id=11400, stack(0x000000ba36e00000,0x000000ba36f00000)]
  0x000002b9ae8a6000 JavaThread "jar transforms Thread 93" [_thread_blocked, id=4036, stack(0x000000ba36f00000,0x000000ba37000000)]
  0x000002b9ae8a3000 JavaThread "jar transforms Thread 94" [_thread_blocked, id=8928, stack(0x000000ba37000000,0x000000ba37100000)]
  0x000002b9ae8a5000 JavaThread "jar transforms Thread 95" [_thread_blocked, id=11240, stack(0x000000ba37100000,0x000000ba37200000)]
  0x000002b9ae8a0800 JavaThread "jar transforms Thread 96" [_thread_blocked, id=12096, stack(0x000000ba37200000,0x000000ba37300000)]
  0x000002b9ae8a7000 JavaThread "jar transforms Thread 97" [_thread_blocked, id=6068, stack(0x000000ba37300000,0x000000ba37400000)]
  0x000002b9ae8a1000 JavaThread "jar transforms Thread 98" [_thread_blocked, id=1728, stack(0x000000ba37400000,0x000000ba37500000)]
  0x000002b9ae8ac800 JavaThread "jar transforms Thread 99" [_thread_blocked, id=10208, stack(0x000000ba37500000,0x000000ba37600000)]
  0x000002b9ae8ac000 JavaThread "Memory manager" [_thread_blocked, id=6904, stack(0x000000ba37700000,0x000000ba37800000)]
  0x000002b9ae8a8800 JavaThread "build event listener" [_thread_blocked, id=1424, stack(0x000000ba2e500000,0x000000ba2e600000)]
  0x000002b9ae8a9800 JavaThread "build event listener" [_thread_blocked, id=7528, stack(0x000000ba37600000,0x000000ba37700000)]
  0x000002b9ae8ab000 JavaThread "Execution worker for ':'" [_thread_blocked, id=7908, stack(0x000000ba37800000,0x000000ba37900000)]
  0x000002b9ae8aa000 JavaThread "Execution worker for ':' Thread 2" [_thread_blocked, id=4436, stack(0x000000ba37900000,0x000000ba37a00000)]
  0x000002b9ad541000 JavaThread "Execution worker for ':' Thread 3" [_thread_blocked, id=6808, stack(0x000000ba37a00000,0x000000ba37b00000)]
  0x000002b9ad53e800 JavaThread "Cache worker for execution history cache (E:\cibo\.gradle\6.7.1\executionHistory)" [_thread_blocked, id=5128, stack(0x000000ba37b00000,0x000000ba37c00000)]
  0x000002b9ad53d800 JavaThread "WorkerExecutor Queue" [_thread_blocked, id=12012, stack(0x000000ba37d00000,0x000000ba37e00000)]
  0x000002b9ad53f000 JavaThread "WorkerExecutor Queue Thread 2" [_thread_blocked, id=10180, stack(0x000000ba37e00000,0x000000ba37f00000)]
  0x000002b9ad53b000 JavaThread "WorkerExecutor Queue Thread 3" [_thread_blocked, id=6280, stack(0x000000ba37f00000,0x000000ba38000000)]
  0x000002b9ad541800 JavaThread "pool-4-thread-1" [_thread_blocked, id=5932, stack(0x000000ba30300000,0x000000ba30400000)]
  0x000002b9ad53c000 JavaThread "stderr" [_thread_in_native, id=2240, stack(0x000000ba2e300000,0x000000ba2e400000)]
  0x000002b9ad542800 JavaThread "stdout" [_thread_in_native, id=6404, stack(0x000000ba38000000,0x000000ba38100000)]
  0x000002b9b1b67800 JavaThread "C2 CompilerThread1" daemon [_thread_in_native, id=7620, stack(0x000000ba38100000,0x000000ba38200000)]

Other Threads:
  0x000002b9a9442800 VMThread "VM Thread" [stack: 0x000000ba2ec00000,0x000000ba2ed00000] [id=5288]
  0x000002b9a9f3d000 WatcherThread [stack: 0x000000ba2f600000,0x000000ba2f700000] [id=2324]
  0x000002b98f9e2000 GCTaskThread "GC Thread#0" [stack: 0x000000ba2e700000,0x000000ba2e800000] [id=6000]
  0x000002b9aa062800 GCTaskThread "GC Thread#1" [stack: 0x000000ba2f700000,0x000000ba2f800000] [id=12244]
  0x000002b9aa1ae800 GCTaskThread "GC Thread#2" [stack: 0x000000ba2f800000,0x000000ba2f900000] [id=3484]
  0x000002b9aaf55800 GCTaskThread "GC Thread#3" [stack: 0x000000ba30500000,0x000000ba30600000] [id=11064]
  0x000002b98fa0f800 ConcurrentGCThread "G1 Main Marker" [stack: 0x000000ba2e800000,0x000000ba2e900000] [id=11992]
  0x000002b98fa14000 ConcurrentGCThread "G1 Conc#0" [stack: 0x000000ba2e900000,0x000000ba2ea00000] [id=8132]
  0x000002b9a9290800 ConcurrentGCThread "G1 Refine#0" [stack: 0x000000ba2ea00000,0x000000ba2eb00000] [id=11336]
  0x000002b9af2ef800 ConcurrentGCThread "G1 Refine#1" [stack: 0x000000ba37c00000,0x000000ba37d00000] [id=3948]
  0x000002b9a9291800 ConcurrentGCThread "G1 Young RemSet Sampling" [stack: 0x000000ba2eb00000,0x000000ba2ec00000] [id=11260]

Threads with active compile tasks:
C2 CompilerThread0  89851 10863       4       org.gradle.api.internal.artifacts.result.DefaultResolutionResult::eachElement (92 bytes)
C2 CompilerThread1  89851 10862       4       org.gradle.api.internal.artifacts.transform.CacheableInvocation::flatMap (29 bytes)

VM state:not at safepoint (normal execution)

VM Mutex/Monitor currently owned by a thread: None

Heap address: 0x0000000080000000, size: 2048 MB, Compressed Oops mode: 32-bit
Narrow klass base: 0x0000000000000000, Narrow klass shift: 3
Compressed class space size: 1073741824 Address: 0x0000000100000000

Heap:
 garbage-first heap   total 163840K, used 100934K [0x0000000080000000, 0x0000000100000000)
  region size 1024K, 27 young (27648K), 4 survivors (4096K)
 Metaspace       used 87637K, capacity 89741K, committed 90060K, reserved 1128448K
  class space    used 11223K, capacity 11945K, committed 12032K, reserved 1048576K
Heap Regions: E=young(eden), S=young(survivor), O=old, HS=humongous(starts), HC=humongous(continues), CS=collection set, F=free, A=archive, TAMS=top-at-mark-start (previous, next)
|   0|0x0000000080000000, 0x0000000080100000, 0x0000000080100000|100%| O|  |TAMS 0x0000000080100000, 0x0000000080000000| Complete 
|   1|0x0000000080100000, 0x0000000080200000, 0x0000000080200000|100%| O|  |TAMS 0x0000000080200000, 0x0000000080100000| Untracked 
|   2|0x0000000080200000, 0x0000000080300000, 0x0000000080300000|100%| O|  |TAMS 0x0000000080300000, 0x0000000080200000| Untracked 
|   3|0x0000000080300000, 0x0000000080400000, 0x0000000080400000|100%|HS|  |TAMS 0x0000000080400000, 0x0000000080300000| Complete 
|   4|0x0000000080400000, 0x0000000080500000, 0x0000000080500000|100%|HC|  |TAMS 0x0000000080500000, 0x0000000080400000| Complete 
|   5|0x0000000080500000, 0x0000000080600000, 0x0000000080600000|100%|HC|  |TAMS 0x0000000080600000, 0x0000000080500000| Complete 
|   6|0x0000000080600000, 0x0000000080700000, 0x0000000080700000|100%| O|  |TAMS 0x0000000080700000, 0x0000000080600000| Complete 
|   7|0x0000000080700000, 0x0000000080800000, 0x0000000080800000|100%| O|  |TAMS 0x0000000080800000, 0x0000000080700000| Untracked 
|   8|0x0000000080800000, 0x0000000080900000, 0x0000000080900000|100%| O|  |TAMS 0x0000000080900000, 0x0000000080800000| Untracked 
|   9|0x0000000080900000, 0x0000000080a00000, 0x0000000080a00000|100%| O|  |TAMS 0x0000000080a00000, 0x0000000080900000| Untracked 
|  10|0x0000000080a00000, 0x0000000080b00000, 0x0000000080b00000|100%| O|  |TAMS 0x0000000080b00000, 0x0000000080a00000| Untracked 
|  11|0x0000000080b00000, 0x0000000080c00000, 0x0000000080c00000|100%| O|  |TAMS 0x0000000080c00000, 0x0000000080b00000| Untracked 
|  12|0x0000000080c00000, 0x0000000080d00000, 0x0000000080d00000|100%| O|  |TAMS 0x0000000080d00000, 0x0000000080c00000| Untracked 
|  13|0x0000000080d00000, 0x0000000080e00000, 0x0000000080e00000|100%|HS|  |TAMS 0x0000000080e00000, 0x0000000080d00000| Complete 
|  14|0x0000000080e00000, 0x0000000080f00000, 0x0000000080f00000|100%|HS|  |TAMS 0x0000000080f00000, 0x0000000080e00000| Complete 
|  15|0x0000000080f00000, 0x0000000081000000, 0x0000000081000000|100%|HC|  |TAMS 0x0000000081000000, 0x0000000080f00000| Complete 
|  16|0x0000000081000000, 0x0000000081100000, 0x0000000081100000|100%| O|  |TAMS 0x0000000081100000, 0x0000000081000000| Untracked 
|  17|0x0000000081100000, 0x0000000081200000, 0x0000000081200000|100%| O|  |TAMS 0x0000000081200000, 0x0000000081100000| Untracked 
|  18|0x0000000081200000, 0x0000000081300000, 0x0000000081300000|100%| O|  |TAMS 0x0000000081300000, 0x0000000081200000| Untracked 
|  19|0x0000000081300000, 0x0000000081400000, 0x0000000081400000|100%| O|  |TAMS 0x0000000081400000, 0x0000000081300000| Untracked 
|  20|0x0000000081400000, 0x0000000081500000, 0x0000000081500000|100%| O|  |TAMS 0x0000000081500000, 0x0000000081400000| Untracked 
|  21|0x0000000081500000, 0x0000000081600000, 0x0000000081600000|100%| O|  |TAMS 0x0000000081600000, 0x0000000081500000| Untracked 
|  22|0x0000000081600000, 0x0000000081700000, 0x0000000081700000|100%| O|  |TAMS 0x0000000081700000, 0x0000000081600000| Untracked 
|  23|0x0000000081700000, 0x0000000081800000, 0x0000000081800000|100%| O|  |TAMS 0x0000000081800000, 0x0000000081700000| Untracked 
|  24|0x0000000081800000, 0x0000000081900000, 0x0000000081900000|100%| O|  |TAMS 0x0000000081900000, 0x0000000081800000| Complete 
|  25|0x0000000081900000, 0x0000000081a00000, 0x0000000081a00000|100%| O|  |TAMS 0x0000000081a00000, 0x0000000081900000| Untracked 
|  26|0x0000000081a00000, 0x0000000081b00000, 0x0000000081b00000|100%| O|  |TAMS 0x0000000081b00000, 0x0000000081a00000| Untracked 
|  27|0x0000000081b00000, 0x0000000081c00000, 0x0000000081c00000|100%| O|  |TAMS 0x0000000081c00000, 0x0000000081b00000| Untracked 
|  28|0x0000000081c00000, 0x0000000081d00000, 0x0000000081d00000|100%| O|  |TAMS 0x0000000081d00000, 0x0000000081c00000| Untracked 
|  29|0x0000000081d00000, 0x0000000081e00000, 0x0000000081e00000|100%| O|  |TAMS 0x0000000081e00000, 0x0000000081d00000| Untracked 
|  30|0x0000000081e00000, 0x0000000081f00000, 0x0000000081f00000|100%| O|  |TAMS 0x0000000081f00000, 0x0000000081e00000| Complete 
|  31|0x0000000081f00000, 0x0000000082000000, 0x0000000082000000|100%| O|  |TAMS 0x0000000082000000, 0x0000000081f00000| Untracked 
|  32|0x0000000082000000, 0x0000000082100000, 0x0000000082100000|100%| O|  |TAMS 0x0000000082100000, 0x0000000082000000| Untracked 
|  33|0x0000000082100000, 0x0000000082200000, 0x0000000082200000|100%| O|  |TAMS 0x0000000082200000, 0x0000000082100000| Untracked 
|  34|0x0000000082200000, 0x0000000082300000, 0x0000000082300000|100%| O|  |TAMS 0x0000000082300000, 0x0000000082200000| Untracked 
|  35|0x0000000082300000, 0x0000000082400000, 0x0000000082400000|100%| O|  |TAMS 0x0000000082400000, 0x0000000082300000| Complete 
|  36|0x0000000082400000, 0x0000000082500000, 0x0000000082500000|100%| O|  |TAMS 0x0000000082500000, 0x0000000082400000| Untracked 
|  37|0x0000000082500000, 0x0000000082600000, 0x0000000082600000|100%| O|  |TAMS 0x0000000082600000, 0x0000000082500000| Complete 
|  38|0x0000000082600000, 0x0000000082700000, 0x0000000082700000|100%| O|  |TAMS 0x0000000082700000, 0x0000000082600000| Complete 
|  39|0x0000000082700000, 0x0000000082800000, 0x0000000082800000|100%| O|  |TAMS 0x0000000082800000, 0x0000000082700000| Complete 
|  40|0x0000000082800000, 0x0000000082900000, 0x0000000082900000|100%| O|  |TAMS 0x0000000082900000, 0x0000000082800000| Untracked 
|  41|0x0000000082900000, 0x0000000082a00000, 0x0000000082a00000|100%| O|  |TAMS 0x0000000082a00000, 0x0000000082900000| Complete 
|  42|0x0000000082a00000, 0x0000000082b00000, 0x0000000082b00000|100%| O|  |TAMS 0x0000000082b00000, 0x0000000082a00000| Complete 
|  43|0x0000000082b00000, 0x0000000082c00000, 0x0000000082c00000|100%| O|  |TAMS 0x0000000082c00000, 0x0000000082b00000| Untracked 
|  44|0x0000000082c00000, 0x0000000082d00000, 0x0000000082d00000|100%| O|  |TAMS 0x0000000082d00000, 0x0000000082c00000| Untracked 
|  45|0x0000000082d00000, 0x0000000082e00000, 0x0000000082e00000|100%| O|  |TAMS 0x0000000082e00000, 0x0000000082d00000| Untracked 
|  46|0x0000000082e00000, 0x0000000082f00000, 0x0000000082f00000|100%| O|  |TAMS 0x0000000082f00000, 0x0000000082e00000| Untracked 
|  47|0x0000000082f00000, 0x0000000083000000, 0x0000000083000000|100%| O|  |TAMS 0x0000000083000000, 0x0000000082f00000| Complete 
|  48|0x0000000083000000, 0x0000000083100000, 0x0000000083100000|100%| O|  |TAMS 0x0000000083100000, 0x0000000083000000| Complete 
|  49|0x0000000083100000, 0x0000000083200000, 0x0000000083200000|100%| O|  |TAMS 0x0000000083200000, 0x0000000083100000| Complete 
|  50|0x0000000083200000, 0x0000000083300000, 0x0000000083300000|100%| O|  |TAMS 0x0000000083300000, 0x0000000083200000| Untracked 
|  51|0x0000000083300000, 0x0000000083400000, 0x0000000083400000|100%| O|  |TAMS 0x0000000083400000, 0x0000000083300000| Untracked 
|  52|0x0000000083400000, 0x0000000083500000, 0x0000000083500000|100%| O|  |TAMS 0x0000000083500000, 0x0000000083400000| Untracked 
|  53|0x0000000083500000, 0x0000000083600000, 0x0000000083600000|100%| O|  |TAMS 0x0000000083600000, 0x0000000083500000| Untracked 
|  54|0x0000000083600000, 0x0000000083700000, 0x0000000083700000|100%| O|  |TAMS 0x0000000083700000, 0x0000000083600000| Untracked 
|  55|0x0000000083700000, 0x0000000083800000, 0x0000000083800000|100%| O|  |TAMS 0x0000000083800000, 0x0000000083700000| Untracked 
|  56|0x0000000083800000, 0x0000000083900000, 0x0000000083900000|100%| O|  |TAMS 0x0000000083900000, 0x0000000083800000| Untracked 
|  57|0x0000000083900000, 0x0000000083a00000, 0x0000000083a00000|100%| O|  |TAMS 0x0000000083a00000, 0x0000000083900000| Untracked 
|  58|0x0000000083a00000, 0x0000000083b00000, 0x0000000083b00000|100%| O|  |TAMS 0x0000000083b00000, 0x0000000083a00000| Untracked 
|  59|0x0000000083b00000, 0x0000000083c00000, 0x0000000083c00000|100%| O|  |TAMS 0x0000000083c00000, 0x0000000083b00000| Untracked 
|  60|0x0000000083c00000, 0x0000000083d00000, 0x0000000083d00000|100%| O|  |TAMS 0x0000000083d00000, 0x0000000083c00000| Untracked 
|  61|0x0000000083d00000, 0x0000000083e00000, 0x0000000083e00000|100%| O|  |TAMS 0x0000000083e00000, 0x0000000083d00000| Complete 
|  62|0x0000000083e00000, 0x0000000083f00000, 0x0000000083f00000|100%| O|  |TAMS 0x0000000083f00000, 0x0000000083e00000| Untracked 
|  63|0x0000000083f00000, 0x0000000084000000, 0x0000000084000000|100%| O|  |TAMS 0x0000000084000000, 0x0000000083f00000| Untracked 
|  64|0x0000000084000000, 0x0000000084100000, 0x0000000084100000|100%| O|  |TAMS 0x0000000084100000, 0x0000000084000000| Complete 
|  65|0x0000000084100000, 0x0000000084200000, 0x0000000084200000|100%| O|  |TAMS 0x0000000084200000, 0x0000000084100000| Untracked 
|  66|0x0000000084200000, 0x00000000842fb200, 0x0000000084300000| 98%| O|  |TAMS 0x00000000842fb200, 0x0000000084200000| Untracked 
|  67|0x0000000084300000, 0x0000000084300000, 0x0000000084400000|  0%| F|  |TAMS 0x0000000084300000, 0x0000000084300000| Untracked 
|  68|0x0000000084400000, 0x0000000084400000, 0x0000000084500000|  0%| F|  |TAMS 0x0000000084400000, 0x0000000084400000| Untracked 
|  69|0x0000000084500000, 0x0000000084600000, 0x0000000084600000|100%| O|  |TAMS 0x0000000084600000, 0x0000000084500000| Complete 
|  70|0x0000000084600000, 0x0000000084700000, 0x0000000084700000|100%| O|  |TAMS 0x0000000084700000, 0x0000000084600000| Complete 
|  71|0x0000000084700000, 0x0000000084700000, 0x0000000084800000|  0%| F|  |TAMS 0x0000000084700000, 0x0000000084700000| Untracked 
|  72|0x0000000084800000, 0x0000000084800000, 0x0000000084900000|  0%| F|  |TAMS 0x0000000084800000, 0x0000000084800000| Untracked 
|  73|0x0000000084900000, 0x0000000084900000, 0x0000000084a00000|  0%| F|  |TAMS 0x0000000084900000, 0x0000000084900000| Untracked 
|  74|0x0000000084a00000, 0x0000000084a00000, 0x0000000084b00000|  0%| F|  |TAMS 0x0000000084a00000, 0x0000000084a00000| Untracked 
|  75|0x0000000084b00000, 0x0000000084b00000, 0x0000000084c00000|  0%| F|  |TAMS 0x0000000084b00000, 0x0000000084b00000| Untracked 
|  76|0x0000000084c00000, 0x0000000084c00000, 0x0000000084d00000|  0%| F|  |TAMS 0x0000000084c00000, 0x0000000084c00000| Untracked 
|  77|0x0000000084d00000, 0x0000000084d00000, 0x0000000084e00000|  0%| F|  |TAMS 0x0000000084d00000, 0x0000000084d00000| Untracked 
|  78|0x0000000084e00000, 0x0000000084e00000, 0x0000000084f00000|  0%| F|  |TAMS 0x0000000084e00000, 0x0000000084e00000| Untracked 
|  79|0x0000000084f00000, 0x0000000084f00000, 0x0000000085000000|  0%| F|  |TAMS 0x0000000084f00000, 0x0000000084f00000| Untracked 
|  80|0x0000000085000000, 0x0000000085000000, 0x0000000085100000|  0%| F|  |TAMS 0x0000000085000000, 0x0000000085000000| Untracked 
|  81|0x0000000085100000, 0x0000000085100000, 0x0000000085200000|  0%| F|  |TAMS 0x0000000085100000, 0x0000000085100000| Untracked 
|  82|0x0000000085200000, 0x0000000085200000, 0x0000000085300000|  0%| F|  |TAMS 0x0000000085200000, 0x0000000085200000| Untracked 
|  83|0x0000000085300000, 0x0000000085300000, 0x0000000085400000|  0%| F|  |TAMS 0x0000000085300000, 0x0000000085300000| Untracked 
|  84|0x0000000085400000, 0x0000000085400000, 0x0000000085500000|  0%| F|  |TAMS 0x0000000085400000, 0x0000000085400000| Untracked 
|  85|0x0000000085500000, 0x0000000085500000, 0x0000000085600000|  0%| F|  |TAMS 0x0000000085500000, 0x0000000085500000| Untracked 
|  86|0x0000000085600000, 0x0000000085700000, 0x0000000085700000|100%| O|  |TAMS 0x0000000085700000, 0x0000000085600000| Untracked 
|  87|0x0000000085700000, 0x0000000085700000, 0x0000000085800000|  0%| F|  |TAMS 0x0000000085700000, 0x0000000085700000| Untracked 
|  88|0x0000000085800000, 0x0000000085900000, 0x0000000085900000|100%| O|  |TAMS 0x0000000085900000, 0x0000000085800000| Complete 
|  89|0x0000000085900000, 0x0000000085a00000, 0x0000000085a00000|100%| O|  |TAMS 0x0000000085a00000, 0x0000000085900000| Complete 
|  90|0x0000000085a00000, 0x0000000085b00000, 0x0000000085b00000|100%| O|  |TAMS 0x0000000085b00000, 0x0000000085a00000| Complete 
|  91|0x0000000085b00000, 0x0000000085c00000, 0x0000000085c00000|100%| O|  |TAMS 0x0000000085c00000, 0x0000000085b00000| Complete 
|  92|0x0000000085c00000, 0x0000000085c00000, 0x0000000085d00000|  0%| F|  |TAMS 0x0000000085c00000, 0x0000000085c00000| Untracked 
|  93|0x0000000085d00000, 0x0000000085d00000, 0x0000000085e00000|  0%| F|  |TAMS 0x0000000085d00000, 0x0000000085d00000| Untracked 
|  94|0x0000000085e00000, 0x0000000085e00000, 0x0000000085f00000|  0%| F|  |TAMS 0x0000000085e00000, 0x0000000085e00000| Untracked 
|  95|0x0000000085f00000, 0x0000000085f00000, 0x0000000086000000|  0%| F|  |TAMS 0x0000000085f00000, 0x0000000085f00000| Untracked 
|  96|0x0000000086000000, 0x0000000086000000, 0x0000000086100000|  0%| F|  |TAMS 0x0000000086000000, 0x0000000086000000| Untracked 
|  97|0x0000000086100000, 0x0000000086100000, 0x0000000086200000|  0%| F|  |TAMS 0x0000000086100000, 0x0000000086100000| Untracked 
|  98|0x0000000086200000, 0x0000000086200000, 0x0000000086300000|  0%| F|  |TAMS 0x0000000086200000, 0x0000000086200000| Untracked 
|  99|0x0000000086300000, 0x0000000086300000, 0x0000000086400000|  0%| F|  |TAMS 0x0000000086300000, 0x0000000086300000| Untracked 
| 100|0x0000000086400000, 0x0000000086400000, 0x0000000086500000|  0%| F|  |TAMS 0x0000000086400000, 0x0000000086400000| Untracked 
| 101|0x0000000086500000, 0x0000000086500000, 0x0000000086600000|  0%| F|  |TAMS 0x0000000086500000, 0x0000000086500000| Untracked 
| 102|0x0000000086600000, 0x0000000086600000, 0x0000000086700000|  0%| F|  |TAMS 0x0000000086600000, 0x0000000086600000| Untracked 
| 103|0x0000000086700000, 0x0000000086700000, 0x0000000086800000|  0%| F|  |TAMS 0x0000000086700000, 0x0000000086700000| Untracked 
| 104|0x0000000086800000, 0x0000000086800000, 0x0000000086900000|  0%| F|  |TAMS 0x0000000086800000, 0x0000000086800000| Untracked 
| 105|0x0000000086900000, 0x0000000086900000, 0x0000000086a00000|  0%| F|  |TAMS 0x0000000086900000, 0x0000000086900000| Untracked 
| 106|0x0000000086a00000, 0x0000000086a00000, 0x0000000086b00000|  0%| F|  |TAMS 0x0000000086a00000, 0x0000000086a00000| Untracked 
| 107|0x0000000086b00000, 0x0000000086b96760, 0x0000000086c00000| 58%| S|CS|TAMS 0x0000000086b00000, 0x0000000086b00000| Complete 
| 108|0x0000000086c00000, 0x0000000086d00000, 0x0000000086d00000|100%| S|CS|TAMS 0x0000000086c00000, 0x0000000086c00000| Complete 
| 109|0x0000000086d00000, 0x0000000086e00000, 0x0000000086e00000|100%| S|CS|TAMS 0x0000000086d00000, 0x0000000086d00000| Complete 
| 110|0x0000000086e00000, 0x0000000086f00000, 0x0000000086f00000|100%| S|CS|TAMS 0x0000000086e00000, 0x0000000086e00000| Complete 
| 111|0x0000000086f00000, 0x0000000086f00000, 0x0000000087000000|  0%| F|  |TAMS 0x0000000086f00000, 0x0000000086f00000| Untracked 
| 112|0x0000000087000000, 0x0000000087000000, 0x0000000087100000|  0%| F|  |TAMS 0x0000000087000000, 0x0000000087000000| Untracked 
| 113|0x0000000087100000, 0x0000000087100000, 0x0000000087200000|  0%| F|  |TAMS 0x0000000087100000, 0x0000000087100000| Untracked 
| 114|0x0000000087200000, 0x0000000087200000, 0x0000000087300000|  0%| F|  |TAMS 0x0000000087200000, 0x0000000087200000| Untracked 
| 115|0x0000000087300000, 0x0000000087300000, 0x0000000087400000|  0%| F|  |TAMS 0x0000000087300000, 0x0000000087300000| Untracked 
| 116|0x0000000087400000, 0x0000000087400000, 0x0000000087500000|  0%| F|  |TAMS 0x0000000087400000, 0x0000000087400000| Untracked 
| 117|0x0000000087500000, 0x0000000087500000, 0x0000000087600000|  0%| F|  |TAMS 0x0000000087500000, 0x0000000087500000| Untracked 
| 118|0x0000000087600000, 0x0000000087600000, 0x0000000087700000|  0%| F|  |TAMS 0x0000000087600000, 0x0000000087600000| Untracked 
| 119|0x0000000087700000, 0x0000000087700000, 0x0000000087800000|  0%| F|  |TAMS 0x0000000087700000, 0x0000000087700000| Untracked 
| 120|0x0000000087800000, 0x0000000087800000, 0x0000000087900000|  0%| F|  |TAMS 0x0000000087800000, 0x0000000087800000| Untracked 
| 121|0x0000000087900000, 0x0000000087900000, 0x0000000087a00000|  0%| F|  |TAMS 0x0000000087900000, 0x0000000087900000| Untracked 
| 122|0x0000000087a00000, 0x0000000087a00000, 0x0000000087b00000|  0%| F|  |TAMS 0x0000000087a00000, 0x0000000087a00000| Untracked 
| 123|0x0000000087b00000, 0x0000000087b00000, 0x0000000087c00000|  0%| F|  |TAMS 0x0000000087b00000, 0x0000000087b00000| Untracked 
| 124|0x0000000087c00000, 0x0000000087c00000, 0x0000000087d00000|  0%| F|  |TAMS 0x0000000087c00000, 0x0000000087c00000| Untracked 
| 125|0x0000000087d00000, 0x0000000087d00000, 0x0000000087e00000|  0%| F|  |TAMS 0x0000000087d00000, 0x0000000087d00000| Untracked 
| 126|0x0000000087e00000, 0x0000000087e00000, 0x0000000087f00000|  0%| F|  |TAMS 0x0000000087e00000, 0x0000000087e00000| Untracked 
| 127|0x0000000087f00000, 0x0000000087f00000, 0x0000000088000000|  0%| F|  |TAMS 0x0000000087f00000, 0x0000000087f00000| Untracked 
| 128|0x0000000088000000, 0x0000000088000000, 0x0000000088100000|  0%| F|  |TAMS 0x0000000088000000, 0x0000000088000000| Untracked 
| 129|0x0000000088100000, 0x0000000088100000, 0x0000000088200000|  0%| F|  |TAMS 0x0000000088100000, 0x0000000088100000| Untracked 
| 130|0x0000000088200000, 0x0000000088200000, 0x0000000088300000|  0%| F|  |TAMS 0x0000000088200000, 0x0000000088200000| Untracked 
| 131|0x0000000088300000, 0x0000000088300000, 0x0000000088400000|  0%| F|  |TAMS 0x0000000088300000, 0x0000000088300000| Untracked 
| 132|0x0000000088400000, 0x0000000088400000, 0x0000000088500000|  0%| F|  |TAMS 0x0000000088400000, 0x0000000088400000| Untracked 
| 133|0x0000000088500000, 0x0000000088500000, 0x0000000088600000|  0%| F|  |TAMS 0x0000000088500000, 0x0000000088500000| Untracked 
| 134|0x0000000088600000, 0x0000000088600000, 0x0000000088700000|  0%| F|  |TAMS 0x0000000088600000, 0x0000000088600000| Untracked 
| 135|0x0000000088700000, 0x0000000088700000, 0x0000000088800000|  0%| F|  |TAMS 0x0000000088700000, 0x0000000088700000| Untracked 
| 136|0x0000000088800000, 0x0000000088800000, 0x0000000088900000|  0%| F|  |TAMS 0x0000000088800000, 0x0000000088800000| Untracked 
| 137|0x0000000088900000, 0x00000000889c8670, 0x0000000088a00000| 78%| E|  |TAMS 0x0000000088900000, 0x0000000088900000| Complete 
| 138|0x0000000088a00000, 0x0000000088b00000, 0x0000000088b00000|100%| E|CS|TAMS 0x0000000088a00000, 0x0000000088a00000| Complete 
| 139|0x0000000088b00000, 0x0000000088c00000, 0x0000000088c00000|100%| E|CS|TAMS 0x0000000088b00000, 0x0000000088b00000| Complete 
| 140|0x0000000088c00000, 0x0000000088d00000, 0x0000000088d00000|100%| E|CS|TAMS 0x0000000088c00000, 0x0000000088c00000| Complete 
| 141|0x0000000088d00000, 0x0000000088e00000, 0x0000000088e00000|100%| E|CS|TAMS 0x0000000088d00000, 0x0000000088d00000| Complete 
| 142|0x0000000088e00000, 0x0000000088f00000, 0x0000000088f00000|100%| E|CS|TAMS 0x0000000088e00000, 0x0000000088e00000| Complete 
| 143|0x0000000088f00000, 0x0000000089000000, 0x0000000089000000|100%| E|CS|TAMS 0x0000000088f00000, 0x0000000088f00000| Complete 
| 144|0x0000000089000000, 0x0000000089100000, 0x0000000089100000|100%| E|CS|TAMS 0x0000000089000000, 0x0000000089000000| Complete 
| 145|0x0000000089100000, 0x0000000089200000, 0x0000000089200000|100%| E|CS|TAMS 0x0000000089100000, 0x0000000089100000| Complete 
| 146|0x0000000089200000, 0x0000000089300000, 0x0000000089300000|100%| E|CS|TAMS 0x0000000089200000, 0x0000000089200000| Complete 
| 147|0x0000000089300000, 0x0000000089400000, 0x0000000089400000|100%| E|CS|TAMS 0x0000000089300000, 0x0000000089300000| Complete 
| 148|0x0000000089400000, 0x0000000089500000, 0x0000000089500000|100%| E|CS|TAMS 0x0000000089400000, 0x0000000089400000| Complete 
| 149|0x0000000089500000, 0x0000000089600000, 0x0000000089600000|100%| E|CS|TAMS 0x0000000089500000, 0x0000000089500000| Complete 
| 150|0x0000000089600000, 0x0000000089700000, 0x0000000089700000|100%| E|CS|TAMS 0x0000000089600000, 0x0000000089600000| Complete 
| 151|0x0000000089700000, 0x0000000089800000, 0x0000000089800000|100%| E|CS|TAMS 0x0000000089700000, 0x0000000089700000| Complete 
| 152|0x0000000089800000, 0x0000000089900000, 0x0000000089900000|100%| E|CS|TAMS 0x0000000089800000, 0x0000000089800000| Complete 
| 153|0x0000000089900000, 0x0000000089a00000, 0x0000000089a00000|100%| E|CS|TAMS 0x0000000089900000, 0x0000000089900000| Complete 
| 154|0x0000000089a00000, 0x0000000089b00000, 0x0000000089b00000|100%| E|CS|TAMS 0x0000000089a00000, 0x0000000089a00000| Complete 
| 155|0x0000000089b00000, 0x0000000089c00000, 0x0000000089c00000|100%| E|CS|TAMS 0x0000000089b00000, 0x0000000089b00000| Complete 
| 156|0x0000000089c00000, 0x0000000089d00000, 0x0000000089d00000|100%| E|CS|TAMS 0x0000000089c00000, 0x0000000089c00000| Complete 
| 157|0x0000000089d00000, 0x0000000089e00000, 0x0000000089e00000|100%| E|CS|TAMS 0x0000000089d00000, 0x0000000089d00000| Complete 
| 158|0x0000000089e00000, 0x0000000089f00000, 0x0000000089f00000|100%| E|CS|TAMS 0x0000000089e00000, 0x0000000089e00000| Complete 
| 159|0x0000000089f00000, 0x000000008a000000, 0x000000008a000000|100%| E|  |TAMS 0x0000000089f00000, 0x0000000089f00000| Complete 

Card table byte_map: [0x000002b9a2750000,0x000002b9a2b50000] _byte_map_base: 0x000002b9a2350000

Marking Bits (Prev, Next): (CMBitMap*) 0x000002b98fa06ab8, (CMBitMap*) 0x000002b98fa06af0
 Prev Bits: [0x000002b9a2f50000, 0x000002b9a4f50000)
 Next Bits: [0x000002b9a4f50000, 0x000002b9a6f50000)

Polling page: 0x000002b98d920000

Metaspace:

Usage:
  Non-class:     75.97 MB capacity,    74.62 MB ( 98%) used,     1.14 MB (  1%) free+waste,   216.19 KB ( <1%) overhead. 
      Class:     11.67 MB capacity,    10.96 MB ( 94%) used,   624.73 KB (  5%) free+waste,    96.69 KB ( <1%) overhead. 
       Both:     87.64 MB capacity,    85.58 MB ( 98%) used,     1.75 MB (  2%) free+waste,   312.88 KB ( <1%) overhead. 

Virtual space:
  Non-class space:       78.00 MB reserved,      76.20 MB ( 98%) committed 
      Class space:        1.00 GB reserved,      11.75 MB (  1%) committed 
             Both:        1.08 GB reserved,      87.95 MB (  8%) committed 

Chunk freelists:
   Non-Class:  40.00 KB
       Class:  0 bytes
        Both:  40.00 KB

MaxMetaspaceSize: 17179869184.00 GB
CompressedClassSpaceSize: 1.00 GB

CodeHeap 'non-profiled nmethods': size=120064Kb used=7208Kb max_used=7208Kb free=112855Kb
 bounds [0x000002b99ae10000, 0x000002b99b520000, 0x000002b9a2350000]
CodeHeap 'profiled nmethods': size=120000Kb used=23084Kb max_used=23084Kb free=96915Kb
 bounds [0x000002b9938e0000, 0x000002b994f70000, 0x000002b99ae10000]
CodeHeap 'non-nmethods': size=5696Kb used=2269Kb max_used=2308Kb free=3426Kb
 bounds [0x000002b993350000, 0x000002b9935c0000, 0x000002b9938e0000]
 total_blobs=11400 nmethods=10533 adapters=778
 compilation: enabled
              stopped_count=0, restarted_count=0
 full_count=0

Compilation events (20 events):
Event: 89.477 Thread 0x000002b9a9dc8000 nmethod 10838 0x000002b99b50f610 code [0x000002b99b50f7a0, 0x000002b99b50f7f8]
Event: 89.478 Thread 0x000002b9a9dc8000 10845       4       com.google.common.collect.ImmutableMap::<init> (5 bytes)
Event: 89.478 Thread 0x000002b9a9dc8000 nmethod 10845 0x000002b99b50f890 code [0x000002b99b50fa20, 0x000002b99b50fa78]
Event: 89.480 Thread 0x000002b9a9dc8000 10857       4       java.util.concurrent.locks.AbstractQueuedSynchronizer::hasQueuedPredecessors (76 bytes)
Event: 89.483 Thread 0x000002b9a9dc8000 nmethod 10857 0x000002b99b50fb10 code [0x000002b99b50fca0, 0x000002b99b50fd98]
Event: 89.483 Thread 0x000002b9a9dc8000 10858       4       org.gradle.api.internal.artifacts.transform.TransformationChain::isolateParameters (19 bytes)
Event: 89.496 Thread 0x000002b9a9dc8000 nmethod 10858 0x000002b99b50fe90 code [0x000002b99b5100e0, 0x000002b99b510600]
Event: 89.496 Thread 0x000002b9a9dc8000 10861       4       java.util.Spliterator::getExactSizeIfKnown (25 bytes)
Event: 89.497 Thread 0x000002b9a9dc8000 nmethod 10861 0x000002b99b510c10 code [0x000002b99b510da0, 0x000002b99b510e58]
Event: 89.498 Thread 0x000002b9a9dc8000 10860       4       org.gradle.api.internal.attributes.DefaultImmutableAttributes::findEntry (37 bytes)
Event: 89.514 Thread 0x000002b9a9dc8000 nmethod 10860 0x000002b99b510f10 code [0x000002b99b5110e0, 0x000002b99b5115d8]
Event: 89.514 Thread 0x000002b9a9dc8000 10863       4       org.gradle.api.internal.artifacts.result.DefaultResolutionResult::eachElement (92 bytes)
Event: 89.525 Thread 0x000002b9a9e10800 10864       3       org.gradle.api.internal.file.AbstractFileCollection::getFiles (23 bytes)
Event: 89.526 Thread 0x000002b9a9e10800 nmethod 10864 0x000002b994f6cc10 code [0x000002b994f6ce60, 0x000002b994f6d5b8]
Event: 89.604 Thread 0x000002b9b1b67800 nmethod 10831 0x000002b99b511a10 code [0x000002b99b511f80, 0x000002b99b5157d0]
Event: 89.604 Thread 0x000002b9b1b67800 10865 %     4       sun.nio.cs.UTF_8$Encoder::encodeArrayLoop @ 73 (489 bytes)
Event: 89.615 Thread 0x000002b9a9e10800 10869       3       org.gradle.internal.work.DefaultWorkerLeaseService::access$600 (4 bytes)
Event: 89.615 Thread 0x000002b9a9e10800 nmethod 10869 0x000002b994f6d890 code [0x000002b994f6da40, 0x000002b994f6db38]
Event: 89.645 Thread 0x000002b9b1b67800 nmethod 10865% 0x000002b99b518c10 code [0x000002b99b518e20, 0x000002b99b519968]
Event: 89.645 Thread 0x000002b9b1b67800 10862       4       org.gradle.api.internal.artifacts.transform.CacheableInvocation::flatMap (29 bytes)

GC Heap History (20 events):
Event: 65.398 GC heap before
{Heap before GC invocations=13 (full 0):
 garbage-first heap   total 163840K, used 121830K [0x0000000080000000, 0x0000000100000000)
  region size 1024K, 82 young (83968K), 7 survivors (7168K)
 Metaspace       used 64662K, capacity 66143K, committed 66252K, reserved 1105920K
  class space    used 8406K, capacity 8944K, committed 8960K, reserved 1048576K
}
Event: 65.453 GC heap after
{Heap after GC invocations=14 (full 0):
 garbage-first heap   total 163840K, used 50512K [0x0000000080000000, 0x0000000100000000)
  region size 1024K, 7 young (7168K), 7 survivors (7168K)
 Metaspace       used 64662K, capacity 66143K, committed 66252K, reserved 1105920K
  class space    used 8406K, capacity 8944K, committed 8960K, reserved 1048576K
}
Event: 68.817 GC heap before
{Heap before GC invocations=14 (full 0):
 garbage-first heap   total 163840K, used 125264K [0x0000000080000000, 0x0000000100000000)
  region size 1024K, 80 young (81920K), 7 survivors (7168K)
 Metaspace       used 71021K, capacity 72657K, committed 72908K, reserved 1112064K
  class space    used 9315K, capacity 9858K, committed 9984K, reserved 1048576K
}
Event: 68.936 GC heap after
{Heap after GC invocations=15 (full 0):
 garbage-first heap   total 163840K, used 55714K [0x0000000080000000, 0x0000000100000000)
  region size 1024K, 6 young (6144K), 6 survivors (6144K)
 Metaspace       used 71021K, capacity 72657K, committed 72908K, reserved 1112064K
  class space    used 9315K, capacity 9858K, committed 9984K, reserved 1048576K
}
Event: 74.263 GC heap before
{Heap before GC invocations=15 (full 0):
 garbage-first heap   total 163840K, used 126370K [0x0000000080000000, 0x0000000100000000)
  region size 1024K, 76 young (77824K), 6 survivors (6144K)
 Metaspace       used 76328K, capacity 78194K, committed 78540K, reserved 1118208K
  class space    used 9969K, capacity 10643K, committed 10752K, reserved 1048576K
}
Event: 74.286 GC heap after
{Heap after GC invocations=16 (full 0):
 garbage-first heap   total 163840K, used 61440K [0x0000000080000000, 0x0000000100000000)
  region size 1024K, 10 young (10240K), 10 survivors (10240K)
 Metaspace       used 76328K, capacity 78194K, committed 78540K, reserved 1118208K
  class space    used 9969K, capacity 10643K, committed 10752K, reserved 1048576K
}
Event: 77.512 GC heap before
{Heap before GC invocations=16 (full 0):
 garbage-first heap   total 163840K, used 128000K [0x0000000080000000, 0x0000000100000000)
  region size 1024K, 76 young (77824K), 10 survivors (10240K)
 Metaspace       used 77023K, capacity 78847K, committed 79052K, reserved 1118208K
  class space    used 9984K, capacity 10652K, committed 10752K, reserved 1048576K
}
Event: 77.544 GC heap after
{Heap after GC invocations=17 (full 0):
 garbage-first heap   total 163840K, used 66435K [0x0000000080000000, 0x0000000100000000)
  region size 1024K, 5 young (5120K), 5 survivors (5120K)
 Metaspace       used 77023K, capacity 78847K, committed 79052K, reserved 1118208K
  class space    used 9984K, capacity 10652K, committed 10752K, reserved 1048576K
}
Event: 80.199 GC heap before
{Heap before GC invocations=17 (full 0):
 garbage-first heap   total 163840K, used 130947K [0x0000000080000000, 0x0000000100000000)
  region size 1024K, 59 young (60416K), 5 survivors (5120K)
 Metaspace       used 80558K, capacity 82527K, committed 82764K, reserved 1120256K
  class space    used 10420K, capacity 11113K, committed 11136K, reserved 1048576K
}
Event: 80.245 GC heap after
{Heap after GC invocations=18 (full 0):
 garbage-first heap   total 163840K, used 86814K [0x0000000080000000, 0x0000000100000000)
  region size 1024K, 9 young (9216K), 9 survivors (9216K)
 Metaspace       used 80558K, capacity 82527K, committed 82764K, reserved 1120256K
  class space    used 10420K, capacity 11113K, committed 11136K, reserved 1048576K
}
Event: 82.687 GC heap before
{Heap before GC invocations=19 (full 0):
 garbage-first heap   total 163840K, used 131870K [0x0000000080000000, 0x0000000100000000)
  region size 1024K, 48 young (49152K), 9 survivors (9216K)
 Metaspace       used 83467K, capacity 85454K, committed 85580K, reserved 1124352K
  class space    used 10709K, capacity 11384K, committed 11392K, reserved 1048576K
}
Event: 82.718 GC heap after
{Heap after GC invocations=20 (full 0):
 garbage-first heap   total 163840K, used 86151K [0x0000000080000000, 0x0000000100000000)
  region size 1024K, 3 young (3072K), 3 survivors (3072K)
 Metaspace       used 83467K, capacity 85454K, committed 85580K, reserved 1124352K
  class space    used 10709K, capacity 11384K, committed 11392K, reserved 1048576K
}
Event: 85.157 GC heap before
{Heap before GC invocations=20 (full 0):
 garbage-first heap   total 163840K, used 126087K [0x0000000080000000, 0x0000000100000000)
  region size 1024K, 43 young (44032K), 3 survivors (3072K)
 Metaspace       used 84073K, capacity 86020K, committed 86220K, reserved 1124352K
  class space    used 10774K, capacity 11429K, committed 11520K, reserved 1048576K
}
Event: 85.170 GC heap after
{Heap after GC invocations=21 (full 0):
 garbage-first heap   total 163840K, used 87884K [0x0000000080000000, 0x0000000100000000)
  region size 1024K, 5 young (5120K), 5 survivors (5120K)
 Metaspace       used 84073K, capacity 86020K, committed 86220K, reserved 1124352K
  class space    used 10774K, capacity 11429K, committed 11520K, reserved 1048576K
}
Event: 86.361 GC heap before
{Heap before GC invocations=22 (full 0):
 garbage-first heap   total 163840K, used 116556K [0x0000000080000000, 0x0000000100000000)
  region size 1024K, 45 young (46080K), 5 survivors (5120K)
 Metaspace       used 85927K, capacity 87830K, committed 88012K, reserved 1126400K
  class space    used 11032K, capacity 11691K, committed 11776K, reserved 1048576K
}
Event: 86.376 GC heap after
{Heap after GC invocations=23 (full 0):
 garbage-first heap   total 163840K, used 78095K [0x0000000080000000, 0x0000000100000000)
  region size 1024K, 4 young (4096K), 4 survivors (4096K)
 Metaspace       used 85927K, capacity 87830K, committed 88012K, reserved 1126400K
  class space    used 11032K, capacity 11691K, committed 11776K, reserved 1048576K
}
Event: 86.503 GC heap before
{Heap before GC invocations=23 (full 0):
 garbage-first heap   total 163840K, used 82191K [0x0000000080000000, 0x0000000100000000)
  region size 1024K, 8 young (8192K), 4 survivors (4096K)
 Metaspace       used 86128K, capacity 88083K, committed 88268K, reserved 1126400K
  class space    used 11061K, capacity 11733K, committed 11776K, reserved 1048576K
}
Event: 86.517 GC heap after
{Heap after GC invocations=24 (full 0):
 garbage-first heap   total 163840K, used 76490K [0x0000000080000000, 0x0000000100000000)
  region size 1024K, 1 young (1024K), 1 survivors (1024K)
 Metaspace       used 86128K, capacity 88083K, committed 88268K, reserved 1126400K
  class space    used 11061K, capacity 11733K, committed 11776K, reserved 1048576K
}
Event: 88.759 GC heap before
{Heap before GC invocations=24 (full 0):
 garbage-first heap   total 163840K, used 124618K [0x0000000080000000, 0x0000000100000000)
  region size 1024K, 49 young (50176K), 1 survivors (1024K)
 Metaspace       used 87463K, capacity 89523K, committed 89804K, reserved 1126400K
  class space    used 11205K, capacity 11938K, committed 12032K, reserved 1048576K
}
Event: 88.772 GC heap after
{Heap after GC invocations=25 (full 0):
 garbage-first heap   total 163840K, used 79430K [0x0000000080000000, 0x0000000100000000)
  region size 1024K, 4 young (4096K), 4 survivors (4096K)
 Metaspace       used 87463K, capacity 89523K, committed 89804K, reserved 1126400K
  class space    used 11205K, capacity 11938K, committed 12032K, reserved 1048576K
}

Deoptimization events (20 events):
Event: 88.836 Thread 0x000002b9aaf57000 Uncommon trap: trap_request=0xffffff4d fr.pc=0x000002b99b321dc4 relative=0x0000000000000744
Event: 88.836 Thread 0x000002b9aaf57000 Uncommon trap: reason=unstable_if action=reinterpret pc=0x000002b99b321dc4 method=com.google.common.cache.LocalCache$Segment.getLiveEntry(Ljava/lang/Object;IJ)Lcom/google/common/cache/ReferenceEntry; @ 25 c2
Event: 88.836 Thread 0x000002b9aaf57000 DEOPT PACKING pc=0x000002b99b321dc4 sp=0x000000ba301f7a90
Event: 88.836 Thread 0x000002b9aaf57000 DEOPT UNPACKING pc=0x000002b99337742f sp=0x000000ba301f79d0 mode 2
Event: 88.872 Thread 0x000002b9aaf57000 Uncommon trap: trap_request=0xffffffde fr.pc=0x000002b99b4a0f44 relative=0x00000000000024c4
Event: 88.872 Thread 0x000002b9aaf57000 Uncommon trap: reason=class_check action=maybe_recompile pc=0x000002b99b4a0f44 method=org.gradle.api.internal.artifacts.transform.DefaultTransformerInvocationFactory.createInvocation(Lorg/gradle/api/internal/artifacts/transform/Transformer;Ljava/io/File;L
Event: 88.872 Thread 0x000002b9aaf57000 DEOPT PACKING pc=0x000002b99b4a0f44 sp=0x000000ba301f7d70
Event: 88.872 Thread 0x000002b9aaf57000 DEOPT UNPACKING pc=0x000002b99337742f sp=0x000000ba301f7cc8 mode 2
Event: 88.921 Thread 0x000002b9aaf57000 Uncommon trap: trap_request=0xffffffde fr.pc=0x000002b99b4a0f44 relative=0x00000000000024c4
Event: 88.921 Thread 0x000002b9aaf57000 Uncommon trap: reason=class_check action=maybe_recompile pc=0x000002b99b4a0f44 method=org.gradle.api.internal.artifacts.transform.DefaultTransformerInvocationFactory.createInvocation(Lorg/gradle/api/internal/artifacts/transform/Transformer;Ljava/io/File;L
Event: 88.921 Thread 0x000002b9aaf57000 DEOPT PACKING pc=0x000002b99b4a0f44 sp=0x000000ba301f7d70
Event: 88.921 Thread 0x000002b9aaf57000 DEOPT UNPACKING pc=0x000002b99337742f sp=0x000000ba301f7cc8 mode 2
Event: 88.957 Thread 0x000002b9aaf57000 Uncommon trap: trap_request=0xffffffde fr.pc=0x000002b99b4a0f44 relative=0x00000000000024c4
Event: 88.957 Thread 0x000002b9aaf57000 Uncommon trap: reason=class_check action=maybe_recompile pc=0x000002b99b4a0f44 method=org.gradle.api.internal.artifacts.transform.DefaultTransformerInvocationFactory.createInvocation(Lorg/gradle/api/internal/artifacts/transform/Transformer;Ljava/io/File;L
Event: 88.957 Thread 0x000002b9aaf57000 DEOPT PACKING pc=0x000002b99b4a0f44 sp=0x000000ba301f7d70
Event: 88.957 Thread 0x000002b9aaf57000 DEOPT UNPACKING pc=0x000002b99337742f sp=0x000000ba301f7cc8 mode 2
Event: 88.968 Thread 0x000002b9aaf57000 Uncommon trap: trap_request=0xffffffde fr.pc=0x000002b99b4a0f44 relative=0x00000000000024c4
Event: 88.968 Thread 0x000002b9aaf57000 Uncommon trap: reason=class_check action=maybe_recompile pc=0x000002b99b4a0f44 method=org.gradle.api.internal.artifacts.transform.DefaultTransformerInvocationFactory.createInvocation(Lorg/gradle/api/internal/artifacts/transform/Transformer;Ljava/io/File;L
Event: 88.968 Thread 0x000002b9aaf57000 DEOPT PACKING pc=0x000002b99b4a0f44 sp=0x000000ba301f7d70
Event: 88.968 Thread 0x000002b9aaf57000 DEOPT UNPACKING pc=0x000002b99337742f sp=0x000000ba301f7cc8 mode 2

Classes redefined (0 events):
No events

Internal exceptions (20 events):
Event: 80.541 Thread 0x000002b9ae8ab000 Exception <a 'java/lang/NoSuchMethodError'{0x0000000089e627f8}: <clinit>> (0x0000000089e627f8) thrown at [./src/hotspot/share/prims/jni.cpp, line 1362]
Event: 80.572 Thread 0x000002b9ae8ab000 Exception <a 'java/lang/NoSuchMethodError'{0x0000000089ecccb8}: <clinit>> (0x0000000089ecccb8) thrown at [./src/hotspot/share/prims/jni.cpp, line 1362]
Event: 81.282 Thread 0x000002b9ad541000 Exception <a 'java/lang/NoSuchMethodError'{0x0000000088d01720}: <clinit>> (0x0000000088d01720) thrown at [./src/hotspot/share/prims/jni.cpp, line 1362]
Event: 83.255 Thread 0x000002b9ad541000 Exception <a 'java/lang/NoSuchMethodError'{0x0000000089fc6fc8}: <clinit>> (0x0000000089fc6fc8) thrown at [./src/hotspot/share/prims/jni.cpp, line 1362]
Event: 83.255 Thread 0x000002b9ad541000 Exception <a 'java/lang/NoSuchMethodError'{0x0000000089fc82e8}: <clinit>> (0x0000000089fc82e8) thrown at [./src/hotspot/share/prims/jni.cpp, line 1362]
Event: 83.255 Thread 0x000002b9ad541000 Exception <a 'java/lang/NoSuchMethodError'{0x0000000089fca7a0}: <clinit>> (0x0000000089fca7a0) thrown at [./src/hotspot/share/prims/jni.cpp, line 1362]
Event: 83.257 Thread 0x000002b9ad541000 Exception <a 'java/lang/NoSuchMethodError'{0x0000000089fe23d0}: <clinit>> (0x0000000089fe23d0) thrown at [./src/hotspot/share/prims/jni.cpp, line 1362]
Event: 83.258 Thread 0x000002b9ad541000 Exception <a 'java/lang/NoSuchMethodError'{0x0000000089fe3608}: <clinit>> (0x0000000089fe3608) thrown at [./src/hotspot/share/prims/jni.cpp, line 1362]
Event: 84.848 Thread 0x000002b9ad541000 Exception <a 'java/lang/NoSuchMethodError'{0x0000000088097550}: <clinit>> (0x0000000088097550) thrown at [./src/hotspot/share/prims/jni.cpp, line 1362]
Event: 84.859 Thread 0x000002b9ad541000 Exception <a 'java/lang/NoSuchMethodError'{0x00000000880d01d0}: <clinit>> (0x00000000880d01d0) thrown at [./src/hotspot/share/prims/jni.cpp, line 1362]
Event: 85.551 Thread 0x000002b9aaf57000 Exception <a 'java/lang/NoSuchMethodError'{0x0000000089697278}: 'void java.lang.invoke.DirectMethodHandle$Holder.invokeStatic(java.lang.Object, java.lang.Object, java.lang.Object, java.lang.Object, int, java.lang.Object)'> (0x0000000089697278) thrown at [./src/hotspot/share/interpreter/linkResolver.cpp, line 773]
Event: 86.394 Thread 0x000002b9aaf57000 Exception <a 'sun/nio/fs/WindowsException'{0x0000000089fdd508}> (0x0000000089fdd508) thrown at [./src/hotspot/share/prims/jni.cpp, line 615]
Event: 86.396 Thread 0x000002b9aaf57000 Exception <a 'sun/nio/fs/WindowsException'{0x0000000089fdf0c8}> (0x0000000089fdf0c8) thrown at [./src/hotspot/share/prims/jni.cpp, line 615]
Event: 88.405 Thread 0x000002b9ad53d800 Exception <a 'java/lang/NoSuchMethodError'{0x0000000087da4b80}: 'void java.lang.invoke.DirectMethodHandle$Holder.invokeStatic(java.lang.Object, long)'> (0x0000000087da4b80) thrown at [./src/hotspot/share/interpreter/linkResolver.cpp, line 773]
Event: 88.406 Thread 0x000002b9ad53d800 Exception <a 'java/lang/NoSuchMethodError'{0x0000000087da9d98}: 'java.lang.Object java.lang.invoke.DirectMethodHandle$Holder.invokeStatic(java.lang.Object, long)'> (0x0000000087da9d98) thrown at [./src/hotspot/share/interpreter/linkResolver.cpp, line 773]
Event: 88.406 Thread 0x000002b9ad53d800 Exception <a 'java/lang/NoSuchMethodError'{0x0000000087db0118}: 'java.lang.Object java.lang.invoke.Invokers$Holder.linkToTargetMethod(long, java.lang.Object)'> (0x0000000087db0118) thrown at [./src/hotspot/share/interpreter/linkResolver.cpp, line 773]
Event: 88.409 Thread 0x000002b9ad53d800 Exception <a 'java/lang/NoSuchMethodError'{0x0000000087db8700}: 'java.lang.Object java.lang.invoke.DirectMethodHandle$Holder.invokeStaticInit(java.lang.Object, java.lang.Object, long, java.lang.Object)'> (0x0000000087db8700) thrown at [./src/hotspot/share/interpreter/linkResolver.cpp, line 773]
Event: 88.410 Thread 0x000002b9ad53d800 Exception <a 'java/lang/NoSuchMethodError'{0x0000000087dbe898}: 'java.lang.Object java.lang.invoke.DirectMethodHandle$Holder.invokeStatic(java.lang.Object, java.lang.Object, long)'> (0x0000000087dbe898) thrown at [./src/hotspot/share/interpreter/linkResolver.cpp, line 773]
Event: 88.410 Thread 0x000002b9ad53d800 Exception <a 'java/lang/NoSuchMethodError'{0x0000000087dc4e10}: 'java.lang.Object java.lang.invoke.Invokers$Holder.linkToTargetMethod(java.lang.Object, long, java.lang.Object)'> (0x0000000087dc4e10) thrown at [./src/hotspot/share/interpreter/linkResolver.cpp, line 773]
Event: 89.531 Thread 0x000002b9ad53d800 Exception <a 'java/lang/NoSuchMethodError'{0x0000000088e54ab0}: 'int java.lang.invoke.DirectMethodHandle$Holder.invokeSpecialIFC(java.lang.Object, java.lang.Object, java.lang.Object)'> (0x0000000088e54ab0) thrown at [./src/hotspot/share/interpreter/linkResolver.cpp, line 773]

Events (20 events):
Event: 89.502 loading class com/android/builder/internal/aapt/AaptUtils
Event: 89.502 loading class com/android/builder/internal/aapt/AaptUtils done
Event: 89.503 loading class com/google/common/collect/Iterables$4
Event: 89.503 loading class com/google/common/collect/Iterables$4 done
Event: 89.504 loading class com/google/common/collect/FluentIterable$2
Event: 89.504 loading class com/google/common/collect/FluentIterable$2 done
Event: 89.510 loading class com/google/common/collect/FluentIterable$1
Event: 89.510 loading class com/google/common/collect/FluentIterable$1 done
Event: 89.511 loading class com/google/common/collect/FluentIterable$3
Event: 89.511 loading class com/google/common/collect/FluentIterable$3 done
Event: 89.512 loading class com/google/common/base/Optional
Event: 89.512 loading class com/google/common/base/Optional done
Event: 89.512 loading class com/google/common/base/Present
Event: 89.512 loading class com/google/common/base/Present done
Event: 89.528 loading class com/google/common/base/Absent
Event: 89.528 loading class com/google/common/base/Absent done
Event: 89.529 loading class com/google/common/collect/AbstractIterator$State
Event: 89.529 loading class com/google/common/collect/AbstractIterator$State done
Event: 89.530 loading class com/google/common/collect/AbstractIterator$1
Event: 89.530 loading class com/google/common/collect/AbstractIterator$1 done


Dynamic libraries:
0x00007ff6ca360000 - 0x00007ff6ca36a000 	E:\android studio\jre\bin\java.exe
0x00007ff834090000 - 0x00007ff834285000 	C:\WINDOWS\SYSTEM32\ntdll.dll
0x00007ff833c40000 - 0x00007ff833cfe000 	C:\WINDOWS\System32\KERNEL32.DLL
0x00007ff831e10000 - 0x00007ff8320d9000 	C:\WINDOWS\System32\KERNELBASE.dll
0x00007ff831ae0000 - 0x00007ff831be0000 	C:\WINDOWS\System32\ucrtbase.dll
0x00007ff81f840000 - 0x00007ff81f859000 	E:\android studio\jre\bin\jli.dll
0x00007ff833d90000 - 0x00007ff833f31000 	C:\WINDOWS\System32\USER32.dll
0x00007ff831d40000 - 0x00007ff831d62000 	C:\WINDOWS\System32\win32u.dll
0x00007ff833d60000 - 0x00007ff833d8b000 	C:\WINDOWS\System32\GDI32.dll
0x00007ff8317b0000 - 0x00007ff8318bb000 	C:\WINDOWS\System32\gdi32full.dll
0x00007ff831d70000 - 0x00007ff831e0d000 	C:\WINDOWS\System32\msvcp_win.dll
0x00007ff81f820000 - 0x00007ff81f837000 	E:\android studio\jre\bin\VCRUNTIME140.dll
0x00007ff8215a0000 - 0x00007ff82183a000 	C:\WINDOWS\WinSxS\amd64_microsoft.windows.common-controls_6595b64144ccf1df_6.0.19041.1110_none_60b5254171f9507e\COMCTL32.dll
0x00007ff832a20000 - 0x00007ff832abe000 	C:\WINDOWS\System32\msvcrt.dll
0x00007ff833350000 - 0x00007ff833380000 	C:\WINDOWS\System32\IMM32.DLL
0x00007ff803d30000 - 0x00007ff803dcd000 	E:\android studio\jre\bin\msvcp140.dll
0x00007ff800440000 - 0x00007ff800efc000 	E:\android studio\jre\bin\server\jvm.dll
0x00007ff833fa0000 - 0x00007ff83404c000 	C:\WINDOWS\System32\ADVAPI32.dll
0x00007ff833b30000 - 0x00007ff833bcb000 	C:\WINDOWS\System32\sechost.dll
0x00007ff8328f0000 - 0x00007ff832a1a000 	C:\WINDOWS\System32\RPCRT4.dll
0x00007ff833170000 - 0x00007ff833178000 	C:\WINDOWS\System32\PSAPI.DLL
0x00007ff825820000 - 0x00007ff825829000 	C:\WINDOWS\SYSTEM32\WSOCK32.dll
0x00007ff833bd0000 - 0x00007ff833c3b000 	C:\WINDOWS\System32\WS2_32.dll
0x00007ff827100000 - 0x00007ff82710a000 	C:\WINDOWS\SYSTEM32\VERSION.dll
0x00007ff826a20000 - 0x00007ff826a47000 	C:\WINDOWS\SYSTEM32\WINMM.dll
0x00007ff82f5d0000 - 0x00007ff82f5e2000 	C:\WINDOWS\SYSTEM32\kernel.appcore.dll
0x00007ff823860000 - 0x00007ff823871000 	E:\android studio\jre\bin\verify.dll
0x00007ff82b090000 - 0x00007ff82b274000 	C:\WINDOWS\SYSTEM32\DBGHELP.DLL
0x00007ff82ad80000 - 0x00007ff82adac000 	C:\WINDOWS\SYSTEM32\dbgcore.DLL
0x00007ff831970000 - 0x00007ff8319f3000 	C:\WINDOWS\System32\bcryptPrimitives.dll
0x00007ff81fef0000 - 0x00007ff81ff19000 	E:\android studio\jre\bin\java.dll
0x00007ff82c5c0000 - 0x00007ff82c5cb000 	E:\android studio\jre\bin\jimage.dll
0x00007ff81fed0000 - 0x00007ff81fee8000 	E:\android studio\jre\bin\zip.dll
0x00007ff832100000 - 0x00007ff83283f000 	C:\WINDOWS\System32\SHELL32.dll
0x00007ff82f8b0000 - 0x00007ff830040000 	C:\WINDOWS\SYSTEM32\windows.storage.dll
0x00007ff832ac0000 - 0x00007ff832e15000 	C:\WINDOWS\System32\combase.dll
0x00007ff831190000 - 0x00007ff8311bc000 	C:\WINDOWS\SYSTEM32\Wldp.dll
0x00007ff8330c0000 - 0x00007ff83316e000 	C:\WINDOWS\System32\SHCORE.dll
0x00007ff833d00000 - 0x00007ff833d55000 	C:\WINDOWS\System32\shlwapi.dll
0x00007ff8316f0000 - 0x00007ff83170f000 	C:\WINDOWS\SYSTEM32\profapi.dll
0x00007ff81feb0000 - 0x00007ff81feca000 	E:\android studio\jre\bin\net.dll
0x00007ff82a9d0000 - 0x00007ff82aad8000 	C:\WINDOWS\SYSTEM32\WINHTTP.dll
0x00007ff830e90000 - 0x00007ff830efa000 	C:\WINDOWS\system32\mswsock.dll
0x00007ff81e850000 - 0x00007ff81e864000 	E:\android studio\jre\bin\nio.dll
0x00007ff82cd00000 - 0x00007ff82cd27000 	F:\downloads\gradle_version\gradle-7.0.2\native\fdc75f09e3144964f2cf3f50f0aa648679c211496f362492102eb8c894070792\windows-amd64\native-platform.dll
0x00007fffff5f0000 - 0x00007fffff786000 	F:\downloads\gradle_version\gradle-7.0.2\native\12488b8bf47d2d4c9fbf2f6322a914ad602e24e48041cd04a747c6da556b65c4\windows-amd64\native-platform-file-events.dll
0x00007ff829e10000 - 0x00007ff829e1a000 	E:\android studio\jre\bin\management.dll
0x00007ff828a80000 - 0x00007ff828a8c000 	E:\android studio\jre\bin\management_ext.dll
0x00007ff831080000 - 0x00007ff831098000 	C:\WINDOWS\SYSTEM32\CRYPTSP.dll
0x00007ff830810000 - 0x00007ff830844000 	C:\WINDOWS\system32\rsaenh.dll
0x00007ff831ab0000 - 0x00007ff831ad7000 	C:\WINDOWS\System32\bcrypt.dll
0x00007ff831670000 - 0x00007ff83169e000 	C:\WINDOWS\SYSTEM32\USERENV.dll
0x00007ff8310a0000 - 0x00007ff8310ac000 	C:\WINDOWS\SYSTEM32\CRYPTBASE.dll
0x00007ff830b80000 - 0x00007ff830bbb000 	C:\WINDOWS\SYSTEM32\IPHLPAPI.DLL
0x00007ff8331e0000 - 0x00007ff8331e8000 	C:\WINDOWS\System32\NSI.dll
0x00007ff82adb0000 - 0x00007ff82adc7000 	C:\WINDOWS\SYSTEM32\dhcpcsvc6.DLL
0x00007ff82b3c0000 - 0x00007ff82b3dd000 	C:\WINDOWS\SYSTEM32\dhcpcsvc.DLL
0x00007ff830bc0000 - 0x00007ff830c8c000 	C:\WINDOWS\SYSTEM32\DNSAPI.dll
0x00007ff82be80000 - 0x00007ff82be8b000 	C:\WINDOWS\SYSTEM32\WINNSI.DLL

dbghelp: loaded successfully - version: 4.0.5 - missing functions: none
symbol engine: initialized successfully - sym options: 0x614 - pdb path: .;E:\android studio\jre\bin;C:\WINDOWS\SYSTEM32;C:\WINDOWS\WinSxS\amd64_microsoft.windows.common-controls_6595b64144ccf1df_6.0.19041.1110_none_60b5254171f9507e;E:\android studio\jre\bin\server;F:\downloads\gradle_version\gradle-7.0.2\native\fdc75f09e3144964f2cf3f50f0aa648679c211496f362492102eb8c894070792\windows-amd64;F:\downloads\gradle_version\gradle-7.0.2\native\12488b8bf47d2d4c9fbf2f6322a914ad602e24e48041cd04a747c6da556b65c4\windows-amd64

VM Arguments:
jvm_args: --add-opens=java.base/java.util=ALL-UNNAMED --add-opens=java.base/java.lang=ALL-UNNAMED --add-opens=java.base/java.lang.invoke=ALL-UNNAMED --add-opens=java.prefs/java.util.prefs=ALL-UNNAMED -Xmx2048m -Dfile.encoding=UTF-8 -Duser.country=US -Duser.language=en -Duser.variant 
java_command: org.gradle.launcher.daemon.bootstrap.GradleDaemon 6.7.1
java_class_path (initial): F:\downloads\gradle_version\gradle-7.0.2\wrapper\dists\gradle-6.7.1-bin\bwlcbys1h7rz3272sye1xwiv6\gradle-6.7.1\lib\gradle-launcher-6.7.1.jar
Launcher Type: SUN_STANDARD

[Global flags]
     intx CICompilerCount                          = 3                                         {product} {ergonomic}
     uint ConcGCThreads                            = 1                                         {product} {ergonomic}
     uint G1ConcRefinementThreads                  = 4                                         {product} {ergonomic}
   size_t G1HeapRegionSize                         = 1048576                                   {product} {ergonomic}
    uintx GCDrainStackTargetSize                   = 64                                        {product} {ergonomic}
   size_t InitialHeapSize                          = 167772160                                 {product} {ergonomic}
   size_t MarkStackSize                            = 4194304                                   {product} {ergonomic}
   size_t MaxHeapSize                              = 2147483648                                {product} {command line}
   size_t MaxNewSize                               = 1287651328                                {product} {ergonomic}
   size_t MinHeapDeltaBytes                        = 1048576                                   {product} {ergonomic}
    uintx NonNMethodCodeHeapSize                   = 5830732                                {pd product} {ergonomic}
    uintx NonProfiledCodeHeapSize                  = 122913754                              {pd product} {ergonomic}
    uintx ProfiledCodeHeapSize                     = 122913754                              {pd product} {ergonomic}
    uintx ReservedCodeCacheSize                    = 251658240                              {pd product} {ergonomic}
     bool SegmentedCodeCache                       = true                                      {product} {ergonomic}
     bool UseCompressedClassPointers               = true                                 {lp64_product} {ergonomic}
     bool UseCompressedOops                        = true                                 {lp64_product} {ergonomic}
     bool UseG1GC                                  = true                                      {product} {ergonomic}
     bool UseLargePagesIndividualAllocation        = false                                  {pd product} {ergonomic}

Logging:
Log output configuration:
 #0: stdout all=warning uptime,level,tags
 #1: stderr all=off uptime,level,tags

Environment Variables:
PATH=C:\Program Files (x86)\Common Files\Oracle\Java\javapath;C:\WINDOWS\system32;C:\WINDOWS;C:\WINDOWS\System32\Wbem;C:\WINDOWS\System32\WindowsPowerShell\v1.0\;C:\Program Files (x86)\Windows Live\Shared;C:\Program Files (x86)\Common Files\Apple\Internet Services\;C:\WINDOWS\System32\OpenSSH\;C:\Program Files\Git\cmd;C:\Users\SANMA\AppData\Local\Programs\Python\Python39\Scripts\;C:\Users\SANMA\AppData\Local\Programs\Python\Python39\;C:\Users\SANMA\AppData\Local\Microsoft\WindowsApps;
USERNAME=SANMA
OS=Windows_NT
PROCESSOR_IDENTIFIER=Intel64 Family 6 Model 42 Stepping 7, GenuineIntel



---------------  S Y S T E M  ---------------

OS: Windows 10 , 64 bit Build 19041 (10.0.19041.1202)
OS uptime: 5 days 23:45 hours

CPU:total 4 (initial active 4) (2 cores per cpu, 2 threads per core) family 6 model 42 stepping 7, cmov, cx8, fxsr, mmx, sse, sse2, sse3, ssse3, sse4.1, sse4.2, popcnt, avx, aes, clmul, ht, tsc, tscinvbit

Memory: 4k page, system-wide physical 10187M (4875M free)
TotalPageFile size 14283M (AvailPageFile size 8439M)
current process WorkingSet (physical memory assigned to process): 399M, peak: 399M
current process commit charge ("private bytes"): 433M, peak: 433M

vm_info: OpenJDK 64-Bit Server VM (11.0.8+10-b944.6842174) for windows-amd64 JRE (11.0.8+10-b944.6842174), built on Sep 19 2020 01:11:42 by "builder" with MS VC++ 14.0 (VS2015)

END.
